
     Program PHONON    v.4.0.5  starts ...
     Today is 11Jun2009 at 14:23: 3 

     Parallel version (MPI)

     Number of processors in use:       1

     Ultrasoft (Vanderbilt) Pseudopotentials

     Planes per process (thick) : nr3 = 27 npp =  27 ncplane =  729
     Planes per process (smooth): nr3s= 15 npps=  15 ncplanes=  225

     Proc/  planes cols     G    planes cols    G      columns  G
     Pool       (dense grid)       (smooth grid)      (wavefct grid)
       1     27    451     6423   15    163     1411     61      331


     Check: negative/imaginary core charge=   -0.000020    0.000000


     Dynamical matrices for ( 2, 2, 2,) uniform grid of q-points
     (   3q-points):
       N       xq(1)       xq(2)       xq(3) 
       1     0.00000     0.00000     0.00000
       2     0.50000    -0.50000     0.50000
       3     0.00000    -1.00000     0.00000

                                                                                

     bravais-lattice index     =            2
     lattice parameter (a_0)   =       6.6500  a.u.
     unit-cell volume          =      73.5199 (a.u.)^3
     number of atoms/cell      =            1
     number of atomic types    =            1
     kinetic-energy cut-off    =      27.0000  Ry
     charge density cut-off    =     300.0000  Ry
     convergence threshold     =      1.0E-16
     beta                      =       0.7000
     number of iterations used =            4
     Exchange-correlation      =  SLA  PW   PBE  PBE (1434)


     celldm(1)=    6.65000  celldm(2)=    0.00000  celldm(3)=    0.00000
     celldm(4)=    0.00000  celldm(5)=    0.00000  celldm(6)=    0.00000

     crystal axes: (cart. coord. in units of a_0)
               a(1) = ( -0.5000  0.0000  0.5000 )  
               a(2) = (  0.0000  0.5000  0.5000 )  
               a(3) = ( -0.5000  0.5000  0.0000 )  

     reciprocal axes: (cart. coord. in units 2 pi/a_0)
               b(1) = ( -1.0000 -1.0000  1.0000 )  
               b(2) = (  1.0000  1.0000  1.0000 )  
               b(3) = ( -1.0000  1.0000 -1.0000 )  


     Atoms inside the unit cell: 

   Cartesian axes

     site n.  atom      mass           positions (a_0 units)
        1        Ni  58.6934   tau( 1) = (    0.00000    0.00000    0.00000  )

     Computing dynamical matrix for 
                    q = (    0.00000    0.00000    0.00000 )

     49 Sym.Ops. (with q -> -q+G )


     G cutoff =  336.0507  (   6423 G-vectors)     FFT grid: ( 27, 27, 27)
     G cutoff =  120.9783  (   1411 G-vectors)  smooth grid: ( 15, 15, 15)
     number of k points=   20  gaussian broad. (Ry)=  0.0200     ngauss =   0
                       cart. coord. in units 2pi/a_0
        k(    1) = (  -0.1250000   0.1250000   0.1250000), wk =   0.0312500
        k(    2) = (  -0.3750000   0.3750000  -0.1250000), wk =   0.0937500
        k(    3) = (   0.3750000  -0.3750000   0.6250000), wk =   0.0937500
        k(    4) = (   0.1250000  -0.1250000   0.3750000), wk =   0.0937500
        k(    5) = (  -0.1250000   0.6250000   0.1250000), wk =   0.0937500
        k(    6) = (   0.6250000  -0.1250000   0.8750000), wk =   0.1875000
        k(    7) = (   0.3750000   0.1250000   0.6250000), wk =   0.1875000
        k(    8) = (  -0.1250000  -0.8750000   0.1250000), wk =   0.0937500
        k(    9) = (  -0.3750000   0.3750000   0.3750000), wk =   0.0312500
        k(   10) = (   0.3750000  -0.3750000   1.1250000), wk =   0.0937500
        k(   11) = (  -0.1250000   0.1250000   0.1250000), wk =   0.0312500
        k(   12) = (  -0.3750000   0.3750000  -0.1250000), wk =   0.0937500
        k(   13) = (   0.3750000  -0.3750000   0.6250000), wk =   0.0937500
        k(   14) = (   0.1250000  -0.1250000   0.3750000), wk =   0.0937500
        k(   15) = (  -0.1250000   0.6250000   0.1250000), wk =   0.0937500
        k(   16) = (   0.6250000  -0.1250000   0.8750000), wk =   0.1875000
        k(   17) = (   0.3750000   0.1250000   0.6250000), wk =   0.1875000
        k(   18) = (  -0.1250000  -0.8750000   0.1250000), wk =   0.0937500
        k(   19) = (  -0.3750000   0.3750000   0.3750000), wk =   0.0312500
        k(   20) = (   0.3750000  -0.3750000   1.1250000), wk =   0.0937500

     PseudoPot. # 1 for Ni read from file Ni.pbe-nd-rrkjus.UPF
     Pseudo is Ultrasoft + core correction, Zval = 10.0
     Generated by new atomic code, or converted to UPF format
     Using radial grid of 1203 points,  6 beta functions with: 
                l(1) =   0
                l(2) =   0
                l(3) =   1
                l(4) =   1
                l(5) =   2
                l(6) =   2
     Q(r) pseudized with 0 coefficients 



     Atomic displacements:
     There are   1 irreducible representations

     Representation     1      3 modes - To be done
     PHONON       :     3.75s CPU time,    3.76s wall time


     Alpha used in Ewald sum =   2.8000


     Representation #  1 modes #   1  2  3

     Self-consistent Calculation

     Pert. #  1: Fermi energy shift (Ry) =    0.0000    0.0000
     Pert. #  2: Fermi energy shift (Ry) =    0.0000    0.0000
     Pert. #  3: Fermi energy shift (Ry) =    0.0000    0.0000

      iter #   1 total cpu time :     5.9 secs   av.it.:   3.8
      thresh= 0.100E-01 alpha_mix =  0.700 |ddv_scf|^2 =  0.254E-05

     Pert. #  1: Fermi energy shift (Ry) =    0.0000    0.0000
     Pert. #  2: Fermi energy shift (Ry) =    0.0000    0.0000
     Pert. #  3: Fermi energy shift (Ry) =    0.0000    0.0000

      iter #   2 total cpu time :     7.3 secs   av.it.:   7.7
      thresh= 0.159E-03 alpha_mix =  0.700 |ddv_scf|^2 =  0.112E-07

     Pert. #  1: Fermi energy shift (Ry) =    0.0000    0.0000
     Pert. #  2: Fermi energy shift (Ry) =    0.0000    0.0000
     Pert. #  3: Fermi energy shift (Ry) =    0.0000    0.0000

      iter #   3 total cpu time :     8.7 secs   av.it.:   6.9
      thresh= 0.106E-04 alpha_mix =  0.700 |ddv_scf|^2 =  0.104E-08

     Pert. #  1: Fermi energy shift (Ry) =    0.0000    0.0000
     Pert. #  2: Fermi energy shift (Ry) =    0.0000    0.0000
     Pert. #  3: Fermi energy shift (Ry) =    0.0000    0.0000

      iter #   4 total cpu time :    10.1 secs   av.it.:   6.9
      thresh= 0.323E-05 alpha_mix =  0.700 |ddv_scf|^2 =  0.160E-11

     Pert. #  1: Fermi energy shift (Ry) =    0.0000    0.0000
     Pert. #  2: Fermi energy shift (Ry) =    0.0000    0.0000
     Pert. #  3: Fermi energy shift (Ry) =    0.0000    0.0000

      iter #   5 total cpu time :    11.6 secs   av.it.:   7.5
      thresh= 0.126E-06 alpha_mix =  0.700 |ddv_scf|^2 =  0.202E-13

     Pert. #  1: Fermi energy shift (Ry) =    0.0000    0.0000
     Pert. #  2: Fermi energy shift (Ry) =    0.0000    0.0000
     Pert. #  3: Fermi energy shift (Ry) =    0.0000    0.0000

      iter #   6 total cpu time :    13.0 secs   av.it.:   7.6
      thresh= 0.142E-07 alpha_mix =  0.700 |ddv_scf|^2 =  0.124E-14

     Pert. #  1: Fermi energy shift (Ry) =    0.0000    0.0000
     Pert. #  2: Fermi energy shift (Ry) =    0.0000    0.0000
     Pert. #  3: Fermi energy shift (Ry) =    0.0000    0.0000

      iter #   7 total cpu time :    14.5 secs   av.it.:   7.7
      thresh= 0.352E-08 alpha_mix =  0.700 |ddv_scf|^2 =  0.116E-16

     End of self-consistent calculation

     Convergence has been achieved 

     Number of q in the star =    1
     List of q in the star:
          1   0.000000000   0.000000000   0.000000000

     Diagonalizing the dynamical matrix

     q = (    0.000000000   0.000000000   0.000000000 ) 

 **************************************************************************
     omega( 1) =      -0.302785 [THz] =     -10.099875 [cm-1]
     omega( 2) =      -0.302785 [THz] =     -10.099875 [cm-1]
     omega( 3) =      -0.302785 [THz] =     -10.099875 [cm-1]
 **************************************************************************

     Mode symmetry, O_h (m-3m)  point group:

     omega(  1 -  3) =        -10.1  [cm-1]   --> T_1u G_15  G_4- I  

 **************************************************************************

     Calculation of q =   0.5000 -0.5000  0.5000

     Planes per process (thick) : nr3 = 27 npp =  27 ncplane =  729
     Planes per process (smooth): nr3s= 15 npps=  15 ncplanes=  225

     Proc/  planes cols     G    planes cols    G      columns  G
     Pool       (dense grid)       (smooth grid)      (wavefct grid)
       1     27    451     6423   15    163     1411     85      459



     bravais-lattice index     =            2
     lattice parameter (a_0)   =       6.6500  a.u.
     unit-cell volume          =      73.5199 (a.u.)^3
     number of atoms/cell      =            1
     number of atomic types    =            1
     number of electrons       =        10.00
     number of Kohn-Sham states=            9
     kinetic-energy cutoff     =      27.0000  Ry
     charge density cutoff     =     300.0000  Ry
     convergence threshold     =      1.0E-08
     mixing beta               =       0.0000
     number of iterations used =            0  plain     mixing
     Exchange-correlation      =  SLA  PW   PBE  PBE (1434)

     celldm(1)=   6.650000  celldm(2)=   0.000000  celldm(3)=   0.000000
     celldm(4)=   0.000000  celldm(5)=   0.000000  celldm(6)=   0.000000

     crystal axes: (cart. coord. in units of a_0)
               a(1) = ( -0.500000  0.000000  0.500000 )  
               a(2) = (  0.000000  0.500000  0.500000 )  
               a(3) = ( -0.500000  0.500000  0.000000 )  

     reciprocal axes: (cart. coord. in units 2 pi/a_0)
               b(1) = ( -1.000000 -1.000000  1.000000 )  
               b(2) = (  1.000000  1.000000  1.000000 )  
               b(3) = ( -1.000000  1.000000 -1.000000 )  


     PseudoPot. # 1 for Ni read from file Ni.pbe-nd-rrkjus.UPF
     Pseudo is Ultrasoft + core correction, Zval = 10.0
     Generated by new atomic code, or converted to UPF format
     Using radial grid of 1203 points,  6 beta functions with: 
                l(1) =   0
                l(2) =   0
                l(3) =   1
                l(4) =   1
                l(5) =   2
                l(6) =   2
     Q(r) pseudized with 0 coefficients 


     atomic species   valence    mass     pseudopotential
        Ni            10.00    58.69340     Ni( 1.00)

     Starting magnetic structure 
     atomic species   magnetization
        Ni           0.500

     12 Sym.Ops. (with inversion)


   Cartesian axes

     site n.     atom                  positions (a_0 units)
         1           Ni  tau(  1) = (   0.0000000   0.0000000   0.0000000  )

     number of k points=  120  gaussian broad. (Ry)=  0.0200     ngauss =   0
                       cart. coord. in units 2pi/a_0
        k(    1) = (  -0.1250000   0.1250000   0.1250000), wk =   0.0234375
        k(    2) = (   0.3750000  -0.3750000   0.6250000), wk =   0.0000000
        k(    3) = (  -0.3750000   0.3750000  -0.1250000), wk =   0.0234375
        k(    4) = (   0.1250000  -0.1250000   0.3750000), wk =   0.0000000
        k(    5) = (   0.3750000  -0.3750000   0.6250000), wk =   0.0234375
        k(    6) = (   0.8750000  -0.8750000   1.1250000), wk =   0.0000000
        k(    7) = (   0.1250000  -0.1250000   0.3750000), wk =   0.0234375
        k(    8) = (   0.6250000  -0.6250000   0.8750000), wk =   0.0000000
        k(    9) = (  -0.1250000   0.6250000   0.1250000), wk =   0.0468750
        k(   10) = (   0.3750000   0.1250000   0.6250000), wk =   0.0000000
        k(   11) = (   0.6250000  -0.1250000   0.8750000), wk =   0.0468750
        k(   12) = (   1.1250000  -0.6250000   1.3750000), wk =   0.0000000
        k(   13) = (   0.3750000   0.1250000   0.6250000), wk =   0.0468750
        k(   14) = (   0.8750000  -0.3750000   1.1250000), wk =   0.0000000
        k(   15) = (  -0.1250000  -0.8750000   0.1250000), wk =   0.0468750
        k(   16) = (   0.3750000  -1.3750000   0.6250000), wk =   0.0000000
        k(   17) = (  -0.3750000   0.3750000   0.3750000), wk =   0.0234375
        k(   18) = (   0.1250000  -0.1250000   0.8750000), wk =   0.0000000
        k(   19) = (   0.3750000  -0.3750000   1.1250000), wk =   0.0234375
        k(   20) = (   0.8750000  -0.8750000   1.6250000), wk =   0.0000000
        k(   21) = (   0.1250000  -0.1250000   0.1250000), wk =   0.0078125
        k(   22) = (   0.6250000  -0.6250000   0.6250000), wk =   0.0000000
        k(   23) = (   0.3750000  -0.3750000  -0.1250000), wk =   0.0234375
        k(   24) = (   0.8750000  -0.8750000   0.3750000), wk =   0.0000000
        k(   25) = (   0.3750000   0.3750000   0.1250000), wk =   0.0468750
        k(   26) = (   0.8750000  -0.1250000   0.6250000), wk =   0.0000000
        k(   27) = (  -0.3750000   0.3750000   0.6250000), wk =   0.0234375
        k(   28) = (   0.1250000  -0.1250000   1.1250000), wk =   0.0000000
        k(   29) = (  -0.3750000  -0.3750000  -0.6250000), wk =   0.0468750
        k(   30) = (   0.1250000  -0.8750000  -0.1250000), wk =   0.0000000
        k(   31) = (  -0.1250000   0.1250000   0.3750000), wk =   0.0234375
        k(   32) = (   0.3750000  -0.3750000   0.8750000), wk =   0.0000000
        k(   33) = (  -0.1250000  -0.1250000  -0.3750000), wk =   0.0468750
        k(   34) = (   0.3750000  -0.6250000   0.1250000), wk =   0.0000000
        k(   35) = (   0.1250000  -0.6250000   0.1250000), wk =   0.0234375
        k(   36) = (   0.6250000  -1.1250000   0.6250000), wk =   0.0000000
        k(   37) = (  -0.1250000  -0.6250000  -0.1250000), wk =   0.0234375
        k(   38) = (   0.3750000  -1.1250000   0.3750000), wk =   0.0000000
        k(   39) = (  -0.6250000   0.1250000   0.8750000), wk =   0.0468750
        k(   40) = (  -0.1250000  -0.3750000   1.3750000), wk =   0.0000000
        k(   41) = (  -0.6250000  -0.1250000  -0.8750000), wk =   0.0468750
        k(   42) = (  -0.1250000  -0.6250000  -0.3750000), wk =   0.0000000
        k(   43) = (   0.6250000   0.1250000  -0.8750000), wk =   0.0468750
        k(   44) = (   1.1250000  -0.3750000  -0.3750000), wk =   0.0000000
        k(   45) = (  -0.3750000  -0.1250000   0.6250000), wk =   0.0468750
        k(   46) = (   0.1250000  -0.6250000   1.1250000), wk =   0.0000000
        k(   47) = (  -0.3750000   0.1250000  -0.6250000), wk =   0.0468750
        k(   48) = (   0.1250000  -0.3750000  -0.1250000), wk =   0.0000000
        k(   49) = (   0.3750000  -0.1250000  -0.6250000), wk =   0.0468750
        k(   50) = (   0.8750000  -0.6250000  -0.1250000), wk =   0.0000000
        k(   51) = (   0.1250000   0.8750000   0.1250000), wk =   0.0234375
        k(   52) = (   0.6250000   0.3750000   0.6250000), wk =   0.0000000
        k(   53) = (  -0.1250000   0.8750000  -0.1250000), wk =   0.0234375
        k(   54) = (   0.3750000   0.3750000   0.3750000), wk =   0.0000000
        k(   55) = (   0.3750000  -0.3750000   0.3750000), wk =   0.0078125
        k(   56) = (   0.8750000  -0.8750000   0.8750000), wk =   0.0000000
        k(   57) = (  -0.3750000   0.3750000   1.1250000), wk =   0.0234375
        k(   58) = (   0.1250000  -0.1250000   1.6250000), wk =   0.0000000
        k(   59) = (  -0.3750000  -0.3750000  -1.1250000), wk =   0.0468750
        k(   60) = (   0.1250000  -0.8750000  -0.6250000), wk =   0.0000000
        k(   61) = (  -0.1250000   0.1250000   0.1250000), wk =   0.0234375
        k(   62) = (   0.3750000  -0.3750000   0.6250000), wk =   0.0000000
        k(   63) = (  -0.3750000   0.3750000  -0.1250000), wk =   0.0234375
        k(   64) = (   0.1250000  -0.1250000   0.3750000), wk =   0.0000000
        k(   65) = (   0.3750000  -0.3750000   0.6250000), wk =   0.0234375
        k(   66) = (   0.8750000  -0.8750000   1.1250000), wk =   0.0000000
        k(   67) = (   0.1250000  -0.1250000   0.3750000), wk =   0.0234375
        k(   68) = (   0.6250000  -0.6250000   0.8750000), wk =   0.0000000
        k(   69) = (  -0.1250000   0.6250000   0.1250000), wk =   0.0468750
        k(   70) = (   0.3750000   0.1250000   0.6250000), wk =   0.0000000
        k(   71) = (   0.6250000  -0.1250000   0.8750000), wk =   0.0468750
        k(   72) = (   1.1250000  -0.6250000   1.3750000), wk =   0.0000000
        k(   73) = (   0.3750000   0.1250000   0.6250000), wk =   0.0468750
        k(   74) = (   0.8750000  -0.3750000   1.1250000), wk =   0.0000000
        k(   75) = (  -0.1250000  -0.8750000   0.1250000), wk =   0.0468750
        k(   76) = (   0.3750000  -1.3750000   0.6250000), wk =   0.0000000
        k(   77) = (  -0.3750000   0.3750000   0.3750000), wk =   0.0234375
        k(   78) = (   0.1250000  -0.1250000   0.8750000), wk =   0.0000000
        k(   79) = (   0.3750000  -0.3750000   1.1250000), wk =   0.0234375
        k(   80) = (   0.8750000  -0.8750000   1.6250000), wk =   0.0000000
        k(   81) = (   0.1250000  -0.1250000   0.1250000), wk =   0.0078125
        k(   82) = (   0.6250000  -0.6250000   0.6250000), wk =   0.0000000
        k(   83) = (   0.3750000  -0.3750000  -0.1250000), wk =   0.0234375
        k(   84) = (   0.8750000  -0.8750000   0.3750000), wk =   0.0000000
        k(   85) = (   0.3750000   0.3750000   0.1250000), wk =   0.0468750
        k(   86) = (   0.8750000  -0.1250000   0.6250000), wk =   0.0000000
        k(   87) = (  -0.3750000   0.3750000   0.6250000), wk =   0.0234375
        k(   88) = (   0.1250000  -0.1250000   1.1250000), wk =   0.0000000
        k(   89) = (  -0.3750000  -0.3750000  -0.6250000), wk =   0.0468750
        k(   90) = (   0.1250000  -0.8750000  -0.1250000), wk =   0.0000000
        k(   91) = (  -0.1250000   0.1250000   0.3750000), wk =   0.0234375
        k(   92) = (   0.3750000  -0.3750000   0.8750000), wk =   0.0000000
        k(   93) = (  -0.1250000  -0.1250000  -0.3750000), wk =   0.0468750
        k(   94) = (   0.3750000  -0.6250000   0.1250000), wk =   0.0000000
        k(   95) = (   0.1250000  -0.6250000   0.1250000), wk =   0.0234375
        k(   96) = (   0.6250000  -1.1250000   0.6250000), wk =   0.0000000
        k(   97) = (  -0.1250000  -0.6250000  -0.1250000), wk =   0.0234375
        k(   98) = (   0.3750000  -1.1250000   0.3750000), wk =   0.0000000
        k(   99) = (  -0.6250000   0.1250000   0.8750000), wk =   0.0468750
        k(  100) = (  -0.1250000  -0.3750000   1.3750000), wk =   0.0000000
        k(  101) = (  -0.6250000  -0.1250000  -0.8750000), wk =   0.0468750
        k(  102) = (  -0.1250000  -0.6250000  -0.3750000), wk =   0.0000000
        k(  103) = (   0.6250000   0.1250000  -0.8750000), wk =   0.0468750
        k(  104) = (   1.1250000  -0.3750000  -0.3750000), wk =   0.0000000
        k(  105) = (  -0.3750000  -0.1250000   0.6250000), wk =   0.0468750
        k(  106) = (   0.1250000  -0.6250000   1.1250000), wk =   0.0000000
        k(  107) = (  -0.3750000   0.1250000  -0.6250000), wk =   0.0468750
        k(  108) = (   0.1250000  -0.3750000  -0.1250000), wk =   0.0000000
        k(  109) = (   0.3750000  -0.1250000  -0.6250000), wk =   0.0468750
        k(  110) = (   0.8750000  -0.6250000  -0.1250000), wk =   0.0000000
        k(  111) = (   0.1250000   0.8750000   0.1250000), wk =   0.0234375
        k(  112) = (   0.6250000   0.3750000   0.6250000), wk =   0.0000000
        k(  113) = (  -0.1250000   0.8750000  -0.1250000), wk =   0.0234375
        k(  114) = (   0.3750000   0.3750000   0.3750000), wk =   0.0000000
        k(  115) = (   0.3750000  -0.3750000   0.3750000), wk =   0.0078125
        k(  116) = (   0.8750000  -0.8750000   0.8750000), wk =   0.0000000
        k(  117) = (  -0.3750000   0.3750000   1.1250000), wk =   0.0234375
        k(  118) = (   0.1250000  -0.1250000   1.6250000), wk =   0.0000000
        k(  119) = (  -0.3750000  -0.3750000  -1.1250000), wk =   0.0468750
        k(  120) = (   0.1250000  -0.8750000  -0.6250000), wk =   0.0000000

     G cutoff =  336.0507  (   6423 G-vectors)     FFT grid: ( 27, 27, 27)
     G cutoff =  120.9783  (   1411 G-vectors)  smooth grid: ( 15, 15, 15)

     Largest allocated arrays     est. size (Mb)     dimensions
        Kohn-Sham Wavefunctions         0.02 Mb     (    179,   9)
        NL pseudopotentials             0.05 Mb     (    179,  18)
        Each V/rho on FFT grid          0.60 Mb     (  19683,   2)
        Each G-vector array             0.05 Mb     (   6423)
        G-vector shells                 0.00 Mb     (    115)
     Largest temporary arrays     est. size (Mb)     dimensions
        Auxiliary wavefunctions         0.10 Mb     (    179,  36)
        Each subspace H/S matrix        0.02 Mb     (     36,  36)
        Each <psi_i|beta_j> matrix      0.00 Mb     (     18,   9)
        Arrays for rho mixing           0.00 Mb     (  19683,   0)

     Check: negative/imaginary core charge=   -0.000020    0.000000

     The potential is recalculated from file :
     temp/ni.save/charge-density.dat

     Starting wfc are    6 atomic +    3 random wfc

     total cpu time spent up to now is     14.16 secs

     per-process dynamical memory:    27.1 Mb

     Band Structure Calculation
     Davidson diagonalization with overlap

     ethr =  1.00E-10,  avg # of iterations = 14.3

     total cpu time spent up to now is     18.16 secs

     End of band structure calculation

 ------ SPIN UP ------------


          k =-0.1250 0.1250 0.1250     band energies (ev):

     5.8698  11.5983  11.8568  11.8568  12.8670  12.8670  35.2178  39.1159
    41.0565

          k = 0.3750-0.3750 0.6250     band energies (ev):

     9.6783  11.5258  11.9965  12.2132  13.5718  15.4919  20.5093  33.7475
    36.0295

          k =-0.3750 0.3750-0.1250     band energies (ev):

     8.5780  11.2711  11.8488  12.1456  12.7665  13.6876  27.1096  32.6483
    39.6759

          k = 0.1250-0.1250 0.3750     band energies (ev):

     7.3635  11.1989  12.0454  12.1607  12.7058  13.1450  31.2737  36.2555
    36.8267

          k = 0.3750-0.3750 0.6250     band energies (ev):

     9.6783  11.5258  11.9965  12.2132  13.5718  15.4919  20.5093  33.7475
    36.0295

          k = 0.8750-0.8750 1.1250     band energies (ev):

     5.8698  11.5983  11.8568  11.8568  12.8670  12.8670  35.2178  39.1159
    41.0565

          k = 0.1250-0.1250 0.3750     band energies (ev):

     7.3635  11.1989  12.0454  12.1607  12.7058  13.1450  31.2737  36.2555
    36.8267

          k = 0.6250-0.6250 0.8750     band energies (ev):

     8.5780  11.2711  11.8488  12.1456  12.7665  13.6876  27.1096  32.6483
    39.6759

          k =-0.1250 0.6250 0.1250     band energies (ev):

     9.3879  10.6018  12.0615  12.7306  13.4918  13.8022  28.1607  31.5082
    32.3310

          k = 0.3750 0.1250 0.6250     band energies (ev):

    10.0242  11.0688  11.4428  12.5041  13.2510  15.3215  24.0994  29.7586
    32.8996

          k = 0.6250-0.1250 0.8750     band energies (ev):

    10.3922  10.6586  11.6445  12.9219  13.5415  19.0458  22.3322  26.0122
    28.3132

          k = 1.1250-0.6250 1.3750     band energies (ev):

     8.5780  11.2711  11.8488  12.1456  12.7665  13.6876  27.1096  32.6483
    39.6759

          k = 0.3750 0.1250 0.6250     band energies (ev):

    10.0242  11.0688  11.4428  12.5041  13.2510  15.3215  24.0994  29.7586
    32.8996

          k = 0.8750-0.3750 1.1250     band energies (ev):

     9.3879  10.6018  12.0615  12.7306  13.4918  13.8022  28.1607  31.5082
    32.3310

          k =-0.1250-0.8750 0.1250     band energies (ev):

     9.7805  10.1852  12.8923  13.3170  13.6426  16.7938  24.9807  26.3786
    30.0890

          k = 0.3750-1.3750 0.6250     band energies (ev):

     9.6783  11.5258  11.9965  12.2132  13.5718  15.4919  20.5093  33.7475
    36.0295

          k =-0.3750 0.3750 0.3750     band energies (ev):

     9.0552  11.8404  11.8404  12.3459  13.3563  13.3563  23.0098  37.0654
    39.2816

          k = 0.1250-0.1250 0.8750     band energies (ev):

     9.7805  10.1852  12.8923  13.3170  13.6426  16.7938  24.9807  26.3786
    30.0890

          k = 0.3750-0.3750 1.1250     band energies (ev):

    10.3835  11.0205  11.5786  12.5119  13.2910  17.7623  21.2448  27.2400
    34.3337

          k = 0.8750-0.8750 1.6250     band energies (ev):

     9.3879  10.6018  12.0615  12.7306  13.4918  13.8022  28.1607  31.5082
    32.3310

          k = 0.1250-0.1250 0.1250     band energies (ev):

     5.8698  11.5983  11.8568  11.8568  12.8670  12.8670  35.2178  39.1159
    41.0565

          k = 0.6250-0.6250 0.6250     band energies (ev):

     9.0552  11.8404  11.8404  12.3459  13.3563  13.3563  23.0098  37.0654
    39.2816

          k = 0.3750-0.3750-0.1250     band energies (ev):

     8.5780  11.2711  11.8488  12.1456  12.7665  13.6876  27.1096  32.6483
    39.6759

          k = 0.8750-0.8750 0.3750     band energies (ev):

     9.3879  10.6018  12.0615  12.7306  13.4918  13.8022  28.1607  31.5082
    32.3310

          k = 0.3750 0.3750 0.1250     band energies (ev):

     8.5780  11.2711  11.8488  12.1456  12.7665  13.6876  27.1096  32.6483
    39.6759

          k = 0.8750-0.1250 0.6250     band energies (ev):

    10.3922  10.6586  11.6445  12.9219  13.5415  19.0458  22.3322  26.0122
    28.3132

          k =-0.3750 0.3750 0.6250     band energies (ev):

     9.6783  11.5258  11.9965  12.2132  13.5718  15.4919  20.5093  33.7475
    36.0295

          k = 0.1250-0.1250 1.1250     band energies (ev):

     9.7805  10.1852  12.8923  13.3170  13.6426  16.7938  24.9807  26.3786
    30.0890

          k =-0.3750-0.3750-0.6250     band energies (ev):

     9.6783  11.5258  11.9965  12.2132  13.5718  15.4919  20.5093  33.7475
    36.0295

          k = 0.1250-0.8750-0.1250     band energies (ev):

     9.7805  10.1852  12.8923  13.3170  13.6426  16.7938  24.9807  26.3786
    30.0890

          k =-0.1250 0.1250 0.3750     band energies (ev):

     7.3635  11.1989  12.0454  12.1607  12.7058  13.1450  31.2737  36.2555
    36.8267

          k = 0.3750-0.3750 0.8750     band energies (ev):

    10.3835  11.0205  11.5786  12.5119  13.2910  17.7623  21.2448  27.2400
    34.3337

          k =-0.1250-0.1250-0.3750     band energies (ev):

     7.3635  11.1989  12.0454  12.1607  12.7058  13.1450  31.2737  36.2555
    36.8267

          k = 0.3750-0.6250 0.1250     band energies (ev):

    10.0242  11.0688  11.4428  12.5041  13.2510  15.3215  24.0994  29.7586
    32.8996

          k = 0.1250-0.6250 0.1250     band energies (ev):

     9.3879  10.6018  12.0615  12.7306  13.4918  13.8022  28.1607  31.5082
    32.3310

          k = 0.6250-1.1250 0.6250     band energies (ev):

     8.5780  11.2711  11.8488  12.1456  12.7665  13.6876  27.1096  32.6483
    39.6759

          k =-0.1250-0.6250-0.1250     band energies (ev):

     9.3879  10.6018  12.0615  12.7306  13.4918  13.8022  28.1607  31.5082
    32.3310

          k = 0.3750-1.1250 0.3750     band energies (ev):

    10.3835  11.0205  11.5786  12.5119  13.2910  17.7623  21.2448  27.2400
    34.3337

          k =-0.6250 0.1250 0.8750     band energies (ev):

    10.3922  10.6586  11.6445  12.9219  13.5415  19.0458  22.3322  26.0122
    28.3132

          k =-0.1250-0.3750 1.3750     band energies (ev):

    10.0242  11.0688  11.4428  12.5041  13.2510  15.3215  24.0994  29.7586
    32.8996

          k =-0.6250-0.1250-0.8750     band energies (ev):

    10.3922  10.6586  11.6445  12.9219  13.5415  19.0458  22.3322  26.0122
    28.3132

          k =-0.1250-0.6250-0.3750     band energies (ev):

    10.0242  11.0688  11.4428  12.5041  13.2510  15.3215  24.0994  29.7586
    32.8996

          k = 0.6250 0.1250-0.8750     band energies (ev):

    10.3922  10.6586  11.6445  12.9219  13.5415  19.0458  22.3322  26.0122
    28.3132

          k = 1.1250-0.3750-0.3750     band energies (ev):

    10.3835  11.0205  11.5786  12.5119  13.2910  17.7623  21.2448  27.2400
    34.3337

          k =-0.3750-0.1250 0.6250     band energies (ev):

    10.0242  11.0688  11.4428  12.5041  13.2510  15.3215  24.0994  29.7586
    32.8996

          k = 0.1250-0.6250 1.1250     band energies (ev):

    10.3922  10.6586  11.6445  12.9219  13.5415  19.0458  22.3322  26.0122
    28.3132

          k =-0.3750 0.1250-0.6250     band energies (ev):

    10.0242  11.0688  11.4428  12.5041  13.2510  15.3215  24.0994  29.7586
    32.8996

          k = 0.1250-0.3750-0.1250     band energies (ev):

     7.3635  11.1989  12.0454  12.1607  12.7058  13.1450  31.2737  36.2555
    36.8267

          k = 0.3750-0.1250-0.6250     band energies (ev):

    10.0242  11.0688  11.4428  12.5041  13.2510  15.3215  24.0994  29.7586
    32.8996

          k = 0.8750-0.6250-0.1250     band energies (ev):

    10.3922  10.6586  11.6445  12.9219  13.5415  19.0458  22.3322  26.0122
    28.3132

          k = 0.1250 0.8750 0.1250     band energies (ev):

     9.7805  10.1852  12.8923  13.3170  13.6426  16.7938  24.9807  26.3786
    30.0890

          k = 0.6250 0.3750 0.6250     band energies (ev):

     9.6783  11.5258  11.9965  12.2132  13.5718  15.4919  20.5093  33.7475
    36.0295

          k =-0.1250 0.8750-0.1250     band energies (ev):

     9.7805  10.1852  12.8923  13.3170  13.6426  16.7938  24.9807  26.3786
    30.0890

          k = 0.3750 0.3750 0.3750     band energies (ev):

     9.0552  11.8404  11.8404  12.3459  13.3563  13.3563  23.0098  37.0654
    39.2816

          k = 0.3750-0.3750 0.3750     band energies (ev):

     9.0552  11.8404  11.8404  12.3459  13.3563  13.3563  23.0098  37.0654
    39.2816

          k = 0.8750-0.8750 0.8750     band energies (ev):

     5.8698  11.5983  11.8568  11.8568  12.8670  12.8670  35.2178  39.1159
    41.0565

          k =-0.3750 0.3750 1.1250     band energies (ev):

    10.3835  11.0205  11.5786  12.5119  13.2910  17.7623  21.2448  27.2400
    34.3337

          k = 0.1250-0.1250 1.6250     band energies (ev):

     7.3635  11.1989  12.0454  12.1607  12.7058  13.1450  31.2737  36.2555
    36.8267

          k =-0.3750-0.3750-1.1250     band energies (ev):

    10.3835  11.0205  11.5786  12.5119  13.2910  17.7623  21.2448  27.2400
    34.3337

          k = 0.1250-0.8750-0.6250     band energies (ev):

    10.3922  10.6586  11.6445  12.9219  13.5415  19.0458  22.3322  26.0122
    28.3132

 ------ SPIN DOWN ----------


          k =-0.1250 0.1250 0.1250     band energies (ev):

     5.8235  12.4329  12.7182  12.7182  13.5995  13.5995  35.2382  38.9850
    41.0906

          k = 0.3750-0.3750 0.6250     band energies (ev):

    10.1756  12.1387  12.7457  12.7840  14.4613  15.8862  20.8972  33.7512
    36.0968

          k =-0.3750 0.3750-0.1250     band energies (ev):

     8.6199  11.9815  12.5896  12.9249  13.5880  14.4922  27.2758  32.7129
    39.6069

          k = 0.1250-0.1250 0.3750     band energies (ev):

     7.3327  11.9867  12.8297  13.0095  13.4811  13.9165  31.3738  36.3322
    36.7640

          k = 0.3750-0.3750 0.6250     band energies (ev):

    10.1756  12.1387  12.7457  12.7840  14.4613  15.8862  20.8972  33.7512
    36.0968

          k = 0.8750-0.8750 1.1250     band energies (ev):

     5.8235  12.4329  12.7182  12.7182  13.5995  13.5995  35.2382  38.9850
    41.0906

          k = 0.1250-0.1250 0.3750     band energies (ev):

     7.3327  11.9867  12.8297  13.0095  13.4811  13.9165  31.3738  36.3322
    36.7640

          k = 0.6250-0.6250 0.8750     band energies (ev):

     8.6199  11.9815  12.5896  12.9249  13.5880  14.4922  27.2758  32.7129
    39.6069

          k =-0.1250 0.6250 0.1250     band energies (ev):

     9.5393  11.3321  12.7025  13.5685  14.3245  14.5075  28.2766  31.5774
    32.3833

          k = 0.3750 0.1250 0.6250     band energies (ev):

    10.3461  11.6698  12.1512  13.2543  14.1239  15.9122  24.3062  29.8477
    32.9687

          k = 0.6250-0.1250 0.8750     band energies (ev):

    10.8814  11.3127  12.3347  13.6451  14.4997  19.3178  22.5321  26.1695
    28.4076

          k = 1.1250-0.6250 1.3750     band energies (ev):

     8.6199  11.9815  12.5896  12.9249  13.5880  14.4922  27.2758  32.7129
    39.6069

          k = 0.3750 0.1250 0.6250     band energies (ev):

    10.3461  11.6698  12.1512  13.2543  14.1239  15.9122  24.3062  29.8477
    32.9687

          k = 0.8750-0.3750 1.1250     band energies (ev):

     9.5393  11.3321  12.7025  13.5685  14.3245  14.5075  28.2766  31.5774
    32.3833

          k =-0.1250-0.8750 0.1250     band energies (ev):

    10.2090  10.8855  13.6426  14.1080  14.5725  17.0351  25.1826  26.4708
    30.1020

          k = 0.3750-1.3750 0.6250     band energies (ev):

    10.1756  12.1387  12.7457  12.7840  14.4613  15.8862  20.8972  33.7512
    36.0968

          k =-0.3750 0.3750 0.3750     band energies (ev):

     9.3268  12.5962  12.5962  12.6707  14.2187  14.2187  23.2848  36.8992
    39.3675

          k = 0.1250-0.1250 0.8750     band energies (ev):

    10.2090  10.8855  13.6426  14.1080  14.5725  17.0351  25.1826  26.4708
    30.1020

          k = 0.3750-0.3750 1.1250     band energies (ev):

    10.9617  11.5110  12.2699  13.2451  14.2068  18.1025  21.5359  27.3691
    34.3956

          k = 0.8750-0.8750 1.6250     band energies (ev):

     9.5393  11.3321  12.7025  13.5685  14.3245  14.5075  28.2766  31.5774
    32.3833

          k = 0.1250-0.1250 0.1250     band energies (ev):

     5.8235  12.4329  12.7182  12.7182  13.5995  13.5995  35.2382  38.9850
    41.0906

          k = 0.6250-0.6250 0.6250     band energies (ev):

     9.3268  12.5962  12.5962  12.6707  14.2187  14.2187  23.2848  36.8992
    39.3675

          k = 0.3750-0.3750-0.1250     band energies (ev):

     8.6199  11.9815  12.5896  12.9249  13.5880  14.4922  27.2758  32.7129
    39.6069

          k = 0.8750-0.8750 0.3750     band energies (ev):

     9.5393  11.3321  12.7025  13.5685  14.3245  14.5075  28.2766  31.5774
    32.3833

          k = 0.3750 0.3750 0.1250     band energies (ev):

     8.6199  11.9815  12.5896  12.9249  13.5880  14.4922  27.2758  32.7129
    39.6069

          k = 0.8750-0.1250 0.6250     band energies (ev):

    10.8814  11.3127  12.3347  13.6451  14.4997  19.3178  22.5321  26.1695
    28.4076

          k =-0.3750 0.3750 0.6250     band energies (ev):

    10.1756  12.1387  12.7457  12.7840  14.4613  15.8862  20.8972  33.7512
    36.0968

          k = 0.1250-0.1250 1.1250     band energies (ev):

    10.2090  10.8855  13.6426  14.1080  14.5725  17.0351  25.1826  26.4708
    30.1020

          k =-0.3750-0.3750-0.6250     band energies (ev):

    10.1756  12.1387  12.7457  12.7840  14.4613  15.8862  20.8972  33.7512
    36.0968

          k = 0.1250-0.8750-0.1250     band energies (ev):

    10.2090  10.8855  13.6426  14.1080  14.5725  17.0351  25.1826  26.4708
    30.1020

          k =-0.1250 0.1250 0.3750     band energies (ev):

     7.3327  11.9867  12.8297  13.0095  13.4811  13.9165  31.3738  36.3322
    36.7640

          k = 0.3750-0.3750 0.8750     band energies (ev):

    10.9617  11.5110  12.2699  13.2451  14.2068  18.1025  21.5359  27.3691
    34.3956

          k =-0.1250-0.1250-0.3750     band energies (ev):

     7.3327  11.9867  12.8297  13.0095  13.4811  13.9165  31.3738  36.3322
    36.7640

          k = 0.3750-0.6250 0.1250     band energies (ev):

    10.3461  11.6698  12.1512  13.2543  14.1239  15.9122  24.3062  29.8477
    32.9687

          k = 0.1250-0.6250 0.1250     band energies (ev):

     9.5393  11.3321  12.7025  13.5685  14.3245  14.5075  28.2766  31.5774
    32.3833

          k = 0.6250-1.1250 0.6250     band energies (ev):

     8.6199  11.9815  12.5896  12.9249  13.5880  14.4922  27.2758  32.7129
    39.6069

          k =-0.1250-0.6250-0.1250     band energies (ev):

     9.5393  11.3321  12.7025  13.5685  14.3245  14.5075  28.2766  31.5774
    32.3833

          k = 0.3750-1.1250 0.3750     band energies (ev):

    10.9617  11.5110  12.2699  13.2451  14.2068  18.1025  21.5359  27.3691
    34.3956

          k =-0.6250 0.1250 0.8750     band energies (ev):

    10.8814  11.3127  12.3347  13.6451  14.4997  19.3178  22.5321  26.1695
    28.4076

          k =-0.1250-0.3750 1.3750     band energies (ev):

    10.3461  11.6698  12.1512  13.2543  14.1239  15.9122  24.3062  29.8477
    32.9687

          k =-0.6250-0.1250-0.8750     band energies (ev):

    10.8814  11.3127  12.3347  13.6451  14.4997  19.3178  22.5321  26.1695
    28.4076

          k =-0.1250-0.6250-0.3750     band energies (ev):

    10.3461  11.6698  12.1512  13.2543  14.1239  15.9122  24.3062  29.8477
    32.9687

          k = 0.6250 0.1250-0.8750     band energies (ev):

    10.8814  11.3127  12.3347  13.6451  14.4997  19.3178  22.5321  26.1695
    28.4076

          k = 1.1250-0.3750-0.3750     band energies (ev):

    10.9617  11.5110  12.2699  13.2451  14.2068  18.1025  21.5359  27.3691
    34.3956

          k =-0.3750-0.1250 0.6250     band energies (ev):

    10.3461  11.6698  12.1512  13.2543  14.1239  15.9122  24.3062  29.8477
    32.9687

          k = 0.1250-0.6250 1.1250     band energies (ev):

    10.8814  11.3127  12.3347  13.6451  14.4997  19.3178  22.5321  26.1695
    28.4076

          k =-0.3750 0.1250-0.6250     band energies (ev):

    10.3461  11.6698  12.1512  13.2543  14.1239  15.9122  24.3062  29.8477
    32.9687

          k = 0.1250-0.3750-0.1250     band energies (ev):

     7.3327  11.9867  12.8297  13.0095  13.4811  13.9165  31.3738  36.3322
    36.7640

          k = 0.3750-0.1250-0.6250     band energies (ev):

    10.3461  11.6698  12.1512  13.2543  14.1239  15.9122  24.3062  29.8477
    32.9687

          k = 0.8750-0.6250-0.1250     band energies (ev):

    10.8814  11.3127  12.3347  13.6451  14.4997  19.3178  22.5321  26.1695
    28.4076

          k = 0.1250 0.8750 0.1250     band energies (ev):

    10.2090  10.8855  13.6426  14.1080  14.5725  17.0351  25.1826  26.4708
    30.1020

          k = 0.6250 0.3750 0.6250     band energies (ev):

    10.1756  12.1387  12.7457  12.7840  14.4613  15.8862  20.8972  33.7512
    36.0968

          k =-0.1250 0.8750-0.1250     band energies (ev):

    10.2090  10.8855  13.6426  14.1080  14.5725  17.0351  25.1826  26.4708
    30.1020

          k = 0.3750 0.3750 0.3750     band energies (ev):

     9.3268  12.5962  12.5962  12.6707  14.2187  14.2187  23.2848  36.8992
    39.3675

          k = 0.3750-0.3750 0.3750     band energies (ev):

     9.3268  12.5962  12.5962  12.6707  14.2187  14.2187  23.2848  36.8992
    39.3675

          k = 0.8750-0.8750 0.8750     band energies (ev):

     5.8235  12.4329  12.7182  12.7182  13.5995  13.5995  35.2382  38.9850
    41.0906

          k =-0.3750 0.3750 1.1250     band energies (ev):

    10.9617  11.5110  12.2699  13.2451  14.2068  18.1025  21.5359  27.3691
    34.3956

          k = 0.1250-0.1250 1.6250     band energies (ev):

     7.3327  11.9867  12.8297  13.0095  13.4811  13.9165  31.3738  36.3322
    36.7640

          k =-0.3750-0.3750-1.1250     band energies (ev):

    10.9617  11.5110  12.2699  13.2451  14.2068  18.1025  21.5359  27.3691
    34.3956

          k = 0.1250-0.8750-0.6250     band energies (ev):

    10.8814  11.3127  12.3347  13.6451  14.4997  19.3178  22.5321  26.1695
    28.4076

     the Fermi energy is    14.2652 ev

                                                                                

     bravais-lattice index     =            2
     lattice parameter (a_0)   =       6.6500  a.u.
     unit-cell volume          =      73.5199 (a.u.)^3
     number of atoms/cell      =            1
     number of atomic types    =            1
     kinetic-energy cut-off    =      27.0000  Ry
     charge density cut-off    =     300.0000  Ry
     convergence threshold     =      1.0E-16
     beta                      =       0.7000
     number of iterations used =            4
     Exchange-correlation      =  SLA  PW   PBE  PBE (1434)


     celldm(1)=    6.65000  celldm(2)=    0.00000  celldm(3)=    0.00000
     celldm(4)=    0.00000  celldm(5)=    0.00000  celldm(6)=    0.00000

     crystal axes: (cart. coord. in units of a_0)
               a(1) = ( -0.5000  0.0000  0.5000 )  
               a(2) = (  0.0000  0.5000  0.5000 )  
               a(3) = ( -0.5000  0.5000  0.0000 )  

     reciprocal axes: (cart. coord. in units 2 pi/a_0)
               b(1) = ( -1.0000 -1.0000  1.0000 )  
               b(2) = (  1.0000  1.0000  1.0000 )  
               b(3) = ( -1.0000  1.0000 -1.0000 )  


     Atoms inside the unit cell: 

   Cartesian axes

     site n.  atom      mass           positions (a_0 units)
        1        Ni  58.6934   tau( 1) = (    0.00000    0.00000    0.00000  )

     Computing dynamical matrix for 
                    q = (    0.50000   -0.50000    0.50000 )

     13 Sym.Ops. (with q -> -q+G )


     G cutoff =  336.0507  (   6423 G-vectors)     FFT grid: ( 27, 27, 27)
     G cutoff =  120.9783  (   1411 G-vectors)  smooth grid: ( 15, 15, 15)
     number of k points=  120  gaussian broad. (Ry)=  0.0200     ngauss =   0
                       cart. coord. in units 2pi/a_0
        k(    1) = (  -0.1250000   0.1250000   0.1250000), wk =   0.0234375
        k(    2) = (   0.3750000  -0.3750000   0.6250000), wk =   0.0000000
        k(    3) = (  -0.3750000   0.3750000  -0.1250000), wk =   0.0234375
        k(    4) = (   0.1250000  -0.1250000   0.3750000), wk =   0.0000000
        k(    5) = (   0.3750000  -0.3750000   0.6250000), wk =   0.0234375
        k(    6) = (   0.8750000  -0.8750000   1.1250000), wk =   0.0000000
        k(    7) = (   0.1250000  -0.1250000   0.3750000), wk =   0.0234375
        k(    8) = (   0.6250000  -0.6250000   0.8750000), wk =   0.0000000
        k(    9) = (  -0.1250000   0.6250000   0.1250000), wk =   0.0468750
        k(   10) = (   0.3750000   0.1250000   0.6250000), wk =   0.0000000
        k(   11) = (   0.6250000  -0.1250000   0.8750000), wk =   0.0468750
        k(   12) = (   1.1250000  -0.6250000   1.3750000), wk =   0.0000000
        k(   13) = (   0.3750000   0.1250000   0.6250000), wk =   0.0468750
        k(   14) = (   0.8750000  -0.3750000   1.1250000), wk =   0.0000000
        k(   15) = (  -0.1250000  -0.8750000   0.1250000), wk =   0.0468750
        k(   16) = (   0.3750000  -1.3750000   0.6250000), wk =   0.0000000
        k(   17) = (  -0.3750000   0.3750000   0.3750000), wk =   0.0234375
        k(   18) = (   0.1250000  -0.1250000   0.8750000), wk =   0.0000000
        k(   19) = (   0.3750000  -0.3750000   1.1250000), wk =   0.0234375
        k(   20) = (   0.8750000  -0.8750000   1.6250000), wk =   0.0000000
        k(   21) = (   0.1250000  -0.1250000   0.1250000), wk =   0.0078125
        k(   22) = (   0.6250000  -0.6250000   0.6250000), wk =   0.0000000
        k(   23) = (   0.3750000  -0.3750000  -0.1250000), wk =   0.0234375
        k(   24) = (   0.8750000  -0.8750000   0.3750000), wk =   0.0000000
        k(   25) = (   0.3750000   0.3750000   0.1250000), wk =   0.0468750
        k(   26) = (   0.8750000  -0.1250000   0.6250000), wk =   0.0000000
        k(   27) = (  -0.3750000   0.3750000   0.6250000), wk =   0.0234375
        k(   28) = (   0.1250000  -0.1250000   1.1250000), wk =   0.0000000
        k(   29) = (  -0.3750000  -0.3750000  -0.6250000), wk =   0.0468750
        k(   30) = (   0.1250000  -0.8750000  -0.1250000), wk =   0.0000000
        k(   31) = (  -0.1250000   0.1250000   0.3750000), wk =   0.0234375
        k(   32) = (   0.3750000  -0.3750000   0.8750000), wk =   0.0000000
        k(   33) = (  -0.1250000  -0.1250000  -0.3750000), wk =   0.0468750
        k(   34) = (   0.3750000  -0.6250000   0.1250000), wk =   0.0000000
        k(   35) = (   0.1250000  -0.6250000   0.1250000), wk =   0.0234375
        k(   36) = (   0.6250000  -1.1250000   0.6250000), wk =   0.0000000
        k(   37) = (  -0.1250000  -0.6250000  -0.1250000), wk =   0.0234375
        k(   38) = (   0.3750000  -1.1250000   0.3750000), wk =   0.0000000
        k(   39) = (  -0.6250000   0.1250000   0.8750000), wk =   0.0468750
        k(   40) = (  -0.1250000  -0.3750000   1.3750000), wk =   0.0000000
        k(   41) = (  -0.6250000  -0.1250000  -0.8750000), wk =   0.0468750
        k(   42) = (  -0.1250000  -0.6250000  -0.3750000), wk =   0.0000000
        k(   43) = (   0.6250000   0.1250000  -0.8750000), wk =   0.0468750
        k(   44) = (   1.1250000  -0.3750000  -0.3750000), wk =   0.0000000
        k(   45) = (  -0.3750000  -0.1250000   0.6250000), wk =   0.0468750
        k(   46) = (   0.1250000  -0.6250000   1.1250000), wk =   0.0000000
        k(   47) = (  -0.3750000   0.1250000  -0.6250000), wk =   0.0468750
        k(   48) = (   0.1250000  -0.3750000  -0.1250000), wk =   0.0000000
        k(   49) = (   0.3750000  -0.1250000  -0.6250000), wk =   0.0468750
        k(   50) = (   0.8750000  -0.6250000  -0.1250000), wk =   0.0000000
        k(   51) = (   0.1250000   0.8750000   0.1250000), wk =   0.0234375
        k(   52) = (   0.6250000   0.3750000   0.6250000), wk =   0.0000000
        k(   53) = (  -0.1250000   0.8750000  -0.1250000), wk =   0.0234375
        k(   54) = (   0.3750000   0.3750000   0.3750000), wk =   0.0000000
        k(   55) = (   0.3750000  -0.3750000   0.3750000), wk =   0.0078125
        k(   56) = (   0.8750000  -0.8750000   0.8750000), wk =   0.0000000
        k(   57) = (  -0.3750000   0.3750000   1.1250000), wk =   0.0234375
        k(   58) = (   0.1250000  -0.1250000   1.6250000), wk =   0.0000000
        k(   59) = (  -0.3750000  -0.3750000  -1.1250000), wk =   0.0468750
        k(   60) = (   0.1250000  -0.8750000  -0.6250000), wk =   0.0000000
        k(   61) = (  -0.1250000   0.1250000   0.1250000), wk =   0.0234375
        k(   62) = (   0.3750000  -0.3750000   0.6250000), wk =   0.0000000
        k(   63) = (  -0.3750000   0.3750000  -0.1250000), wk =   0.0234375
        k(   64) = (   0.1250000  -0.1250000   0.3750000), wk =   0.0000000
        k(   65) = (   0.3750000  -0.3750000   0.6250000), wk =   0.0234375
        k(   66) = (   0.8750000  -0.8750000   1.1250000), wk =   0.0000000
        k(   67) = (   0.1250000  -0.1250000   0.3750000), wk =   0.0234375
        k(   68) = (   0.6250000  -0.6250000   0.8750000), wk =   0.0000000
        k(   69) = (  -0.1250000   0.6250000   0.1250000), wk =   0.0468750
        k(   70) = (   0.3750000   0.1250000   0.6250000), wk =   0.0000000
        k(   71) = (   0.6250000  -0.1250000   0.8750000), wk =   0.0468750
        k(   72) = (   1.1250000  -0.6250000   1.3750000), wk =   0.0000000
        k(   73) = (   0.3750000   0.1250000   0.6250000), wk =   0.0468750
        k(   74) = (   0.8750000  -0.3750000   1.1250000), wk =   0.0000000
        k(   75) = (  -0.1250000  -0.8750000   0.1250000), wk =   0.0468750
        k(   76) = (   0.3750000  -1.3750000   0.6250000), wk =   0.0000000
        k(   77) = (  -0.3750000   0.3750000   0.3750000), wk =   0.0234375
        k(   78) = (   0.1250000  -0.1250000   0.8750000), wk =   0.0000000
        k(   79) = (   0.3750000  -0.3750000   1.1250000), wk =   0.0234375
        k(   80) = (   0.8750000  -0.8750000   1.6250000), wk =   0.0000000
        k(   81) = (   0.1250000  -0.1250000   0.1250000), wk =   0.0078125
        k(   82) = (   0.6250000  -0.6250000   0.6250000), wk =   0.0000000
        k(   83) = (   0.3750000  -0.3750000  -0.1250000), wk =   0.0234375
        k(   84) = (   0.8750000  -0.8750000   0.3750000), wk =   0.0000000
        k(   85) = (   0.3750000   0.3750000   0.1250000), wk =   0.0468750
        k(   86) = (   0.8750000  -0.1250000   0.6250000), wk =   0.0000000
        k(   87) = (  -0.3750000   0.3750000   0.6250000), wk =   0.0234375
        k(   88) = (   0.1250000  -0.1250000   1.1250000), wk =   0.0000000
        k(   89) = (  -0.3750000  -0.3750000  -0.6250000), wk =   0.0468750
        k(   90) = (   0.1250000  -0.8750000  -0.1250000), wk =   0.0000000
        k(   91) = (  -0.1250000   0.1250000   0.3750000), wk =   0.0234375
        k(   92) = (   0.3750000  -0.3750000   0.8750000), wk =   0.0000000
        k(   93) = (  -0.1250000  -0.1250000  -0.3750000), wk =   0.0468750
        k(   94) = (   0.3750000  -0.6250000   0.1250000), wk =   0.0000000
        k(   95) = (   0.1250000  -0.6250000   0.1250000), wk =   0.0234375
        k(   96) = (   0.6250000  -1.1250000   0.6250000), wk =   0.0000000
        k(   97) = (  -0.1250000  -0.6250000  -0.1250000), wk =   0.0234375
        k(   98) = (   0.3750000  -1.1250000   0.3750000), wk =   0.0000000
        k(   99) = (  -0.6250000   0.1250000   0.8750000), wk =   0.0468750
        k(  100) = (  -0.1250000  -0.3750000   1.3750000), wk =   0.0000000
        k(  101) = (  -0.6250000  -0.1250000  -0.8750000), wk =   0.0468750
        k(  102) = (  -0.1250000  -0.6250000  -0.3750000), wk =   0.0000000
        k(  103) = (   0.6250000   0.1250000  -0.8750000), wk =   0.0468750
        k(  104) = (   1.1250000  -0.3750000  -0.3750000), wk =   0.0000000
        k(  105) = (  -0.3750000  -0.1250000   0.6250000), wk =   0.0468750
        k(  106) = (   0.1250000  -0.6250000   1.1250000), wk =   0.0000000
        k(  107) = (  -0.3750000   0.1250000  -0.6250000), wk =   0.0468750
        k(  108) = (   0.1250000  -0.3750000  -0.1250000), wk =   0.0000000
        k(  109) = (   0.3750000  -0.1250000  -0.6250000), wk =   0.0468750
        k(  110) = (   0.8750000  -0.6250000  -0.1250000), wk =   0.0000000
        k(  111) = (   0.1250000   0.8750000   0.1250000), wk =   0.0234375
        k(  112) = (   0.6250000   0.3750000   0.6250000), wk =   0.0000000
        k(  113) = (  -0.1250000   0.8750000  -0.1250000), wk =   0.0234375
        k(  114) = (   0.3750000   0.3750000   0.3750000), wk =   0.0000000
        k(  115) = (   0.3750000  -0.3750000   0.3750000), wk =   0.0078125
        k(  116) = (   0.8750000  -0.8750000   0.8750000), wk =   0.0000000
        k(  117) = (  -0.3750000   0.3750000   1.1250000), wk =   0.0234375
        k(  118) = (   0.1250000  -0.1250000   1.6250000), wk =   0.0000000
        k(  119) = (  -0.3750000  -0.3750000  -1.1250000), wk =   0.0468750
        k(  120) = (   0.1250000  -0.8750000  -0.6250000), wk =   0.0000000

     PseudoPot. # 1 for Ni read from file Ni.pbe-nd-rrkjus.UPF
     Pseudo is Ultrasoft + core correction, Zval = 10.0
     Generated by new atomic code, or converted to UPF format
     Using radial grid of 1203 points,  6 beta functions with: 
                l(1) =   0
                l(2) =   0
                l(3) =   1
                l(4) =   1
                l(5) =   2
                l(6) =   2
     Q(r) pseudized with 0 coefficients 



     Atomic displacements:
     There are   2 irreducible representations

     Representation     1      1 modes - To be done

     Representation     2      2 modes - To be done
     PHONON       :    22.49s CPU time,   23.11s wall time


     Alpha used in Ewald sum =   2.8000


     Representation #  1 mode #   1

     Self-consistent Calculation

      iter #   1 total cpu time :    24.5 secs   av.it.:   5.0
      thresh= 0.100E-01 alpha_mix =  0.700 |ddv_scf|^2 =  0.104E-02

      iter #   2 total cpu time :    25.5 secs   av.it.:   6.7
      thresh= 0.323E-02 alpha_mix =  0.700 |ddv_scf|^2 =  0.118E-02

      iter #   3 total cpu time :    26.6 secs   av.it.:   6.0
      thresh= 0.343E-02 alpha_mix =  0.700 |ddv_scf|^2 =  0.960E-07

      iter #   4 total cpu time :    27.6 secs   av.it.:   6.3
      thresh= 0.310E-04 alpha_mix =  0.700 |ddv_scf|^2 =  0.132E-08

      iter #   5 total cpu time :    28.6 secs   av.it.:   5.8
      thresh= 0.363E-05 alpha_mix =  0.700 |ddv_scf|^2 =  0.270E-10

      iter #   6 total cpu time :    29.6 secs   av.it.:   6.1
      thresh= 0.520E-06 alpha_mix =  0.700 |ddv_scf|^2 =  0.874E-13

      iter #   7 total cpu time :    30.6 secs   av.it.:   6.3
      thresh= 0.296E-07 alpha_mix =  0.700 |ddv_scf|^2 =  0.156E-14

      iter #   8 total cpu time :    31.7 secs   av.it.:   6.5
      thresh= 0.396E-08 alpha_mix =  0.700 |ddv_scf|^2 =  0.279E-15

      iter #   9 total cpu time :    32.7 secs   av.it.:   6.5
      thresh= 0.167E-08 alpha_mix =  0.700 |ddv_scf|^2 =  0.350E-16

     End of self-consistent calculation

     Convergence has been achieved 


     Representation #  2 modes #   2  3

     Self-consistent Calculation

      iter #   1 total cpu time :    34.6 secs   av.it.:   4.3
      thresh= 0.100E-01 alpha_mix =  0.700 |ddv_scf|^2 =  0.728E-05

      iter #   2 total cpu time :    36.8 secs   av.it.:   7.6
      thresh= 0.270E-03 alpha_mix =  0.700 |ddv_scf|^2 =  0.449E-07

      iter #   3 total cpu time :    38.9 secs   av.it.:   7.2
      thresh= 0.212E-04 alpha_mix =  0.700 |ddv_scf|^2 =  0.237E-08

      iter #   4 total cpu time :    40.9 secs   av.it.:   6.6
      thresh= 0.487E-05 alpha_mix =  0.700 |ddv_scf|^2 =  0.356E-11

      iter #   5 total cpu time :    43.0 secs   av.it.:   7.5
      thresh= 0.189E-06 alpha_mix =  0.700 |ddv_scf|^2 =  0.641E-13

      iter #   6 total cpu time :    45.2 secs   av.it.:   7.6
      thresh= 0.253E-07 alpha_mix =  0.700 |ddv_scf|^2 =  0.586E-14

      iter #   7 total cpu time :    47.5 secs   av.it.:   7.7
      thresh= 0.765E-08 alpha_mix =  0.700 |ddv_scf|^2 =  0.258E-16

     End of self-consistent calculation

     Convergence has been achieved 

     Number of q in the star =    4
     List of q in the star:
          1   0.500000000  -0.500000000   0.500000000
          2  -0.500000000   0.500000000   0.500000000
          3  -0.500000000  -0.500000000  -0.500000000
          4   0.500000000   0.500000000  -0.500000000

     Diagonalizing the dynamical matrix

     q = (    0.500000000  -0.500000000   0.500000000 ) 

 **************************************************************************
     omega( 1) =       4.611251 [THz] =     153.815805 [cm-1]
     omega( 2) =       4.611251 [THz] =     153.815805 [cm-1]
     omega( 3) =       9.044219 [THz] =     301.684679 [cm-1]
 **************************************************************************

     Mode symmetry, D_3d (-3m)  point group:

     omega(  1 -  2) =        153.8  [cm-1]   --> E_u  L_3'          
     omega(  3 -  3) =        301.7  [cm-1]   --> A_2u L_2'          

 **************************************************************************

     Calculation of q =   0.0000 -1.0000  0.0000

     Planes per process (thick) : nr3 = 27 npp =  27 ncplane =  729
     Planes per process (smooth): nr3s= 15 npps=  15 ncplanes=  225

     Proc/  planes cols     G    planes cols    G      columns  G
     Pool       (dense grid)       (smooth grid)      (wavefct grid)
       1     27    451     6423   15    163     1411     73      411



     bravais-lattice index     =            2
     lattice parameter (a_0)   =       6.6500  a.u.
     unit-cell volume          =      73.5199 (a.u.)^3
     number of atoms/cell      =            1
     number of atomic types    =            1
     number of electrons       =        10.00
     number of Kohn-Sham states=            9
     kinetic-energy cutoff     =      27.0000  Ry
     charge density cutoff     =     300.0000  Ry
     convergence threshold     =      1.0E-08
     mixing beta               =       0.0000
     number of iterations used =            0  plain     mixing
     Exchange-correlation      =  SLA  PW   PBE  PBE (1434)

     celldm(1)=   6.650000  celldm(2)=   0.000000  celldm(3)=   0.000000
     celldm(4)=   0.000000  celldm(5)=   0.000000  celldm(6)=   0.000000

     crystal axes: (cart. coord. in units of a_0)
               a(1) = ( -0.500000  0.000000  0.500000 )  
               a(2) = (  0.000000  0.500000  0.500000 )  
               a(3) = ( -0.500000  0.500000  0.000000 )  

     reciprocal axes: (cart. coord. in units 2 pi/a_0)
               b(1) = ( -1.000000 -1.000000  1.000000 )  
               b(2) = (  1.000000  1.000000  1.000000 )  
               b(3) = ( -1.000000  1.000000 -1.000000 )  


     PseudoPot. # 1 for Ni read from file Ni.pbe-nd-rrkjus.UPF
     Pseudo is Ultrasoft + core correction, Zval = 10.0
     Generated by new atomic code, or converted to UPF format
     Using radial grid of 1203 points,  6 beta functions with: 
                l(1) =   0
                l(2) =   0
                l(3) =   1
                l(4) =   1
                l(5) =   2
                l(6) =   2
     Q(r) pseudized with 0 coefficients 


     atomic species   valence    mass     pseudopotential
        Ni            10.00    58.69340     Ni( 1.00)

     Starting magnetic structure 
     atomic species   magnetization
        Ni           0.500

     16 Sym.Ops. (with inversion)


   Cartesian axes

     site n.     atom                  positions (a_0 units)
         1           Ni  tau(  1) = (   0.0000000   0.0000000   0.0000000  )

     number of k points=   80  gaussian broad. (Ry)=  0.0200     ngauss =   0
                       cart. coord. in units 2pi/a_0
        k(    1) = (  -0.1250000   0.1250000   0.1250000), wk =   0.0312500
        k(    2) = (  -0.1250000  -0.8750000   0.1250000), wk =   0.0000000
        k(    3) = (  -0.3750000   0.3750000  -0.1250000), wk =   0.0625000
        k(    4) = (  -0.3750000  -0.6250000  -0.1250000), wk =   0.0000000
        k(    5) = (   0.3750000  -0.3750000   0.6250000), wk =   0.0625000
        k(    6) = (   0.3750000  -1.3750000   0.6250000), wk =   0.0000000
        k(    7) = (   0.1250000  -0.1250000   0.3750000), wk =   0.0625000
        k(    8) = (   0.1250000  -1.1250000   0.3750000), wk =   0.0000000
        k(    9) = (  -0.1250000   0.6250000   0.1250000), wk =   0.0312500
        k(   10) = (  -0.1250000  -0.3750000   0.1250000), wk =   0.0000000
        k(   11) = (   0.6250000  -0.1250000   0.8750000), wk =   0.0625000
        k(   12) = (   0.6250000  -1.1250000   0.8750000), wk =   0.0000000
        k(   13) = (   0.3750000   0.1250000   0.6250000), wk =   0.0625000
        k(   14) = (   0.3750000  -0.8750000   0.6250000), wk =   0.0000000
        k(   15) = (  -0.1250000  -0.8750000   0.1250000), wk =   0.0312500
        k(   16) = (  -0.1250000  -1.8750000   0.1250000), wk =   0.0000000
        k(   17) = (  -0.3750000   0.3750000   0.3750000), wk =   0.0312500
        k(   18) = (  -0.3750000  -0.6250000   0.3750000), wk =   0.0000000
        k(   19) = (   0.3750000  -0.3750000   1.1250000), wk =   0.0625000
        k(   20) = (   0.3750000  -1.3750000   1.1250000), wk =   0.0000000
        k(   21) = (   0.3750000  -0.1250000   0.3750000), wk =   0.0312500
        k(   22) = (   0.3750000  -1.1250000   0.3750000), wk =   0.0000000
        k(   23) = (  -0.3750000   0.6250000  -0.3750000), wk =   0.0312500
        k(   24) = (  -0.3750000  -0.3750000  -0.3750000), wk =   0.0000000
        k(   25) = (  -0.1250000   0.3750000  -0.1250000), wk =   0.0312500
        k(   26) = (  -0.1250000  -0.6250000  -0.1250000), wk =   0.0000000
        k(   27) = (   0.6250000  -0.1250000  -0.1250000), wk =   0.0625000
        k(   28) = (   0.6250000  -1.1250000  -0.1250000), wk =   0.0000000
        k(   29) = (  -0.1250000   0.6250000  -0.8750000), wk =   0.0625000
        k(   30) = (  -0.1250000  -0.3750000  -0.8750000), wk =   0.0000000
        k(   31) = (  -0.6250000   0.8750000  -0.1250000), wk =   0.0625000
        k(   32) = (  -0.6250000  -0.1250000  -0.1250000), wk =   0.0000000
        k(   33) = (   0.1250000   0.3750000  -0.6250000), wk =   0.0625000
        k(   34) = (   0.1250000  -0.6250000  -0.6250000), wk =   0.0000000
        k(   35) = (  -0.3750000   0.6250000   0.1250000), wk =   0.0625000
        k(   36) = (  -0.3750000  -0.3750000   0.1250000), wk =   0.0000000
        k(   37) = (  -0.8750000  -0.1250000  -0.1250000), wk =   0.0625000
        k(   38) = (  -0.8750000  -1.1250000  -0.1250000), wk =   0.0000000
        k(   39) = (  -0.3750000   1.1250000  -0.3750000), wk =   0.0312500
        k(   40) = (  -0.3750000   0.1250000  -0.3750000), wk =   0.0000000
        k(   41) = (  -0.1250000   0.1250000   0.1250000), wk =   0.0312500
        k(   42) = (  -0.1250000  -0.8750000   0.1250000), wk =   0.0000000
        k(   43) = (  -0.3750000   0.3750000  -0.1250000), wk =   0.0625000
        k(   44) = (  -0.3750000  -0.6250000  -0.1250000), wk =   0.0000000
        k(   45) = (   0.3750000  -0.3750000   0.6250000), wk =   0.0625000
        k(   46) = (   0.3750000  -1.3750000   0.6250000), wk =   0.0000000
        k(   47) = (   0.1250000  -0.1250000   0.3750000), wk =   0.0625000
        k(   48) = (   0.1250000  -1.1250000   0.3750000), wk =   0.0000000
        k(   49) = (  -0.1250000   0.6250000   0.1250000), wk =   0.0312500
        k(   50) = (  -0.1250000  -0.3750000   0.1250000), wk =   0.0000000
        k(   51) = (   0.6250000  -0.1250000   0.8750000), wk =   0.0625000
        k(   52) = (   0.6250000  -1.1250000   0.8750000), wk =   0.0000000
        k(   53) = (   0.3750000   0.1250000   0.6250000), wk =   0.0625000
        k(   54) = (   0.3750000  -0.8750000   0.6250000), wk =   0.0000000
        k(   55) = (  -0.1250000  -0.8750000   0.1250000), wk =   0.0312500
        k(   56) = (  -0.1250000  -1.8750000   0.1250000), wk =   0.0000000
        k(   57) = (  -0.3750000   0.3750000   0.3750000), wk =   0.0312500
        k(   58) = (  -0.3750000  -0.6250000   0.3750000), wk =   0.0000000
        k(   59) = (   0.3750000  -0.3750000   1.1250000), wk =   0.0625000
        k(   60) = (   0.3750000  -1.3750000   1.1250000), wk =   0.0000000
        k(   61) = (   0.3750000  -0.1250000   0.3750000), wk =   0.0312500
        k(   62) = (   0.3750000  -1.1250000   0.3750000), wk =   0.0000000
        k(   63) = (  -0.3750000   0.6250000  -0.3750000), wk =   0.0312500
        k(   64) = (  -0.3750000  -0.3750000  -0.3750000), wk =   0.0000000
        k(   65) = (  -0.1250000   0.3750000  -0.1250000), wk =   0.0312500
        k(   66) = (  -0.1250000  -0.6250000  -0.1250000), wk =   0.0000000
        k(   67) = (   0.6250000  -0.1250000  -0.1250000), wk =   0.0625000
        k(   68) = (   0.6250000  -1.1250000  -0.1250000), wk =   0.0000000
        k(   69) = (  -0.1250000   0.6250000  -0.8750000), wk =   0.0625000
        k(   70) = (  -0.1250000  -0.3750000  -0.8750000), wk =   0.0000000
        k(   71) = (  -0.6250000   0.8750000  -0.1250000), wk =   0.0625000
        k(   72) = (  -0.6250000  -0.1250000  -0.1250000), wk =   0.0000000
        k(   73) = (   0.1250000   0.3750000  -0.6250000), wk =   0.0625000
        k(   74) = (   0.1250000  -0.6250000  -0.6250000), wk =   0.0000000
        k(   75) = (  -0.3750000   0.6250000   0.1250000), wk =   0.0625000
        k(   76) = (  -0.3750000  -0.3750000   0.1250000), wk =   0.0000000
        k(   77) = (  -0.8750000  -0.1250000  -0.1250000), wk =   0.0625000
        k(   78) = (  -0.8750000  -1.1250000  -0.1250000), wk =   0.0000000
        k(   79) = (  -0.3750000   1.1250000  -0.3750000), wk =   0.0312500
        k(   80) = (  -0.3750000   0.1250000  -0.3750000), wk =   0.0000000

     G cutoff =  336.0507  (   6423 G-vectors)     FFT grid: ( 27, 27, 27)
     G cutoff =  120.9783  (   1411 G-vectors)  smooth grid: ( 15, 15, 15)

     Largest allocated arrays     est. size (Mb)     dimensions
        Kohn-Sham Wavefunctions         0.02 Mb     (    179,   9)
        NL pseudopotentials             0.05 Mb     (    179,  18)
        Each V/rho on FFT grid          0.60 Mb     (  19683,   2)
        Each G-vector array             0.05 Mb     (   6423)
        G-vector shells                 0.00 Mb     (    115)
     Largest temporary arrays     est. size (Mb)     dimensions
        Auxiliary wavefunctions         0.10 Mb     (    179,  36)
        Each subspace H/S matrix        0.02 Mb     (     36,  36)
        Each <psi_i|beta_j> matrix      0.00 Mb     (     18,   9)
        Arrays for rho mixing           0.00 Mb     (  19683,   0)

     Check: negative/imaginary core charge=   -0.000020    0.000000

     The potential is recalculated from file :
     temp/ni.save/charge-density.dat

     Starting wfc are    6 atomic +    3 random wfc

     total cpu time spent up to now is     47.15 secs

     per-process dynamical memory:    27.1 Mb

     Band Structure Calculation
     Davidson diagonalization with overlap

     ethr =  1.00E-10,  avg # of iterations = 14.1

     total cpu time spent up to now is     49.74 secs

     End of band structure calculation

 ------ SPIN UP ------------


          k =-0.1250 0.1250 0.1250 (   172 PWs)   bands (ev):

     5.8698  11.5983  11.8568  11.8568  12.8670  12.8670  35.2178  39.1159
    41.0565

          k =-0.1250-0.8750 0.1250 (   176 PWs)   bands (ev):

     9.7805  10.1852  12.8923  13.3170  13.6426  16.7938  24.9807  26.3786
    30.0890

          k =-0.3750 0.3750-0.1250 (   171 PWs)   bands (ev):

     8.5780  11.2711  11.8488  12.1456  12.7665  13.6876  27.1096  32.6483
    39.6759

          k =-0.3750-0.6250-0.1250 (   174 PWs)   bands (ev):

    10.0242  11.0688  11.4428  12.5041  13.2510  15.3215  24.0994  29.7586
    32.8996

          k = 0.3750-0.3750 0.6250 (   172 PWs)   bands (ev):

     9.6783  11.5258  11.9965  12.2132  13.5718  15.4919  20.5093  33.7475
    36.0295

          k = 0.3750-1.3750 0.6250 (   172 PWs)   bands (ev):

     9.6783  11.5258  11.9965  12.2132  13.5718  15.4919  20.5093  33.7475
    36.0295

          k = 0.1250-0.1250 0.3750 (   169 PWs)   bands (ev):

     7.3635  11.1989  12.0454  12.1607  12.7058  13.1450  31.2737  36.2555
    36.8267

          k = 0.1250-1.1250 0.3750 (   179 PWs)   bands (ev):

    10.3922  10.6586  11.6445  12.9219  13.5415  19.0458  22.3322  26.0122
    28.3132

          k =-0.1250 0.6250 0.1250 (   178 PWs)   bands (ev):

     9.3879  10.6018  12.0615  12.7306  13.4918  13.8022  28.1607  31.5082
    32.3310

          k =-0.1250-0.3750 0.1250 (   169 PWs)   bands (ev):

     7.3635  11.1989  12.0454  12.1607  12.7058  13.1450  31.2737  36.2555
    36.8267

          k = 0.6250-0.1250 0.8750 (   179 PWs)   bands (ev):

    10.3922  10.6586  11.6445  12.9219  13.5415  19.0458  22.3322  26.0122
    28.3132

          k = 0.6250-1.1250 0.8750 (   169 PWs)   bands (ev):

     7.3635  11.1989  12.0454  12.1607  12.7058  13.1450  31.2737  36.2555
    36.8267

          k = 0.3750 0.1250 0.6250 (   174 PWs)   bands (ev):

    10.0242  11.0688  11.4428  12.5041  13.2510  15.3215  24.0994  29.7586
    32.8996

          k = 0.3750-0.8750 0.6250 (   174 PWs)   bands (ev):

    10.0242  11.0688  11.4428  12.5041  13.2510  15.3215  24.0994  29.7586
    32.8996

          k =-0.1250-0.8750 0.1250 (   176 PWs)   bands (ev):

     9.7805  10.1852  12.8923  13.3170  13.6426  16.7938  24.9807  26.3786
    30.0890

          k =-0.1250-1.8750 0.1250 (   172 PWs)   bands (ev):

     5.8698  11.5983  11.8568  11.8568  12.8670  12.8670  35.2178  39.1159
    41.0565

          k =-0.3750 0.3750 0.3750 (   174 PWs)   bands (ev):

     9.0552  11.8404  11.8404  12.3459  13.3563  13.3563  23.0098  37.0654
    39.2816

          k =-0.3750-0.6250 0.3750 (   172 PWs)   bands (ev):

     9.6783  11.5258  11.9965  12.2132  13.5718  15.4919  20.5093  33.7475
    36.0295

          k = 0.3750-0.3750 1.1250 (   176 PWs)   bands (ev):

    10.3835  11.0205  11.5786  12.5119  13.2910  17.7623  21.2448  27.2400
    34.3337

          k = 0.3750-1.3750 1.1250 (   174 PWs)   bands (ev):

    10.0242  11.0688  11.4428  12.5041  13.2510  15.3215  24.0994  29.7586
    32.8996

          k = 0.3750-0.1250 0.3750 (   171 PWs)   bands (ev):

     8.5780  11.2711  11.8488  12.1456  12.7665  13.6876  27.1096  32.6483
    39.6759

          k = 0.3750-1.1250 0.3750 (   176 PWs)   bands (ev):

    10.3835  11.0205  11.5786  12.5119  13.2910  17.7623  21.2448  27.2400
    34.3337

          k =-0.3750 0.6250-0.3750 (   172 PWs)   bands (ev):

     9.6783  11.5258  11.9965  12.2132  13.5718  15.4919  20.5093  33.7475
    36.0295

          k =-0.3750-0.3750-0.3750 (   174 PWs)   bands (ev):

     9.0552  11.8404  11.8404  12.3459  13.3563  13.3563  23.0098  37.0654
    39.2816

          k =-0.1250 0.3750-0.1250 (   169 PWs)   bands (ev):

     7.3635  11.1989  12.0454  12.1607  12.7058  13.1450  31.2737  36.2555
    36.8267

          k =-0.1250-0.6250-0.1250 (   178 PWs)   bands (ev):

     9.3879  10.6018  12.0615  12.7306  13.4918  13.8022  28.1607  31.5082
    32.3310

          k = 0.6250-0.1250-0.1250 (   178 PWs)   bands (ev):

     9.3879  10.6018  12.0615  12.7306  13.4918  13.8022  28.1607  31.5082
    32.3310

          k = 0.6250-1.1250-0.1250 (   179 PWs)   bands (ev):

    10.3922  10.6586  11.6445  12.9219  13.5415  19.0458  22.3322  26.0122
    28.3132

          k =-0.1250 0.6250-0.8750 (   179 PWs)   bands (ev):

    10.3922  10.6586  11.6445  12.9219  13.5415  19.0458  22.3322  26.0122
    28.3132

          k =-0.1250-0.3750-0.8750 (   179 PWs)   bands (ev):

    10.3922  10.6586  11.6445  12.9219  13.5415  19.0458  22.3322  26.0122
    28.3132

          k =-0.6250 0.8750-0.1250 (   179 PWs)   bands (ev):

    10.3922  10.6586  11.6445  12.9219  13.5415  19.0458  22.3322  26.0122
    28.3132

          k =-0.6250-0.1250-0.1250 (   178 PWs)   bands (ev):

     9.3879  10.6018  12.0615  12.7306  13.4918  13.8022  28.1607  31.5082
    32.3310

          k = 0.1250 0.3750-0.6250 (   174 PWs)   bands (ev):

    10.0242  11.0688  11.4428  12.5041  13.2510  15.3215  24.0994  29.7586
    32.8996

          k = 0.1250-0.6250-0.6250 (   176 PWs)   bands (ev):

    10.3835  11.0205  11.5786  12.5119  13.2910  17.7623  21.2448  27.2400
    34.3337

          k =-0.3750 0.6250 0.1250 (   174 PWs)   bands (ev):

    10.0242  11.0688  11.4428  12.5041  13.2510  15.3215  24.0994  29.7586
    32.8996

          k =-0.3750-0.3750 0.1250 (   171 PWs)   bands (ev):

     8.5780  11.2711  11.8488  12.1456  12.7665  13.6876  27.1096  32.6483
    39.6759

          k =-0.8750-0.1250-0.1250 (   176 PWs)   bands (ev):

     9.7805  10.1852  12.8923  13.3170  13.6426  16.7938  24.9807  26.3786
    30.0890

          k =-0.8750-1.1250-0.1250 (   176 PWs)   bands (ev):

     9.7805  10.1852  12.8923  13.3170  13.6426  16.7938  24.9807  26.3786
    30.0890

          k =-0.3750 1.1250-0.3750 (   176 PWs)   bands (ev):

    10.3835  11.0205  11.5786  12.5119  13.2910  17.7623  21.2448  27.2400
    34.3337

          k =-0.3750 0.1250-0.3750 (   171 PWs)   bands (ev):

     8.5780  11.2711  11.8488  12.1456  12.7665  13.6876  27.1096  32.6483
    39.6759

 ------ SPIN DOWN ----------


          k =-0.1250 0.1250 0.1250 (   172 PWs)   bands (ev):

     5.8235  12.4329  12.7182  12.7182  13.5995  13.5995  35.2382  38.9850
    41.0906

          k =-0.1250-0.8750 0.1250 (   176 PWs)   bands (ev):

    10.2090  10.8855  13.6426  14.1080  14.5725  17.0351  25.1826  26.4708
    30.1020

          k =-0.3750 0.3750-0.1250 (   171 PWs)   bands (ev):

     8.6199  11.9815  12.5896  12.9249  13.5880  14.4922  27.2758  32.7129
    39.6069

          k =-0.3750-0.6250-0.1250 (   174 PWs)   bands (ev):

    10.3461  11.6698  12.1512  13.2543  14.1239  15.9122  24.3062  29.8477
    32.9687

          k = 0.3750-0.3750 0.6250 (   172 PWs)   bands (ev):

    10.1756  12.1387  12.7457  12.7840  14.4613  15.8862  20.8972  33.7512
    36.0968

          k = 0.3750-1.3750 0.6250 (   172 PWs)   bands (ev):

    10.1756  12.1387  12.7457  12.7840  14.4613  15.8862  20.8972  33.7512
    36.0968

          k = 0.1250-0.1250 0.3750 (   169 PWs)   bands (ev):

     7.3327  11.9867  12.8297  13.0095  13.4811  13.9165  31.3738  36.3322
    36.7640

          k = 0.1250-1.1250 0.3750 (   179 PWs)   bands (ev):

    10.8814  11.3127  12.3347  13.6451  14.4997  19.3178  22.5321  26.1695
    28.4076

          k =-0.1250 0.6250 0.1250 (   178 PWs)   bands (ev):

     9.5393  11.3321  12.7025  13.5685  14.3245  14.5075  28.2766  31.5774
    32.3833

          k =-0.1250-0.3750 0.1250 (   169 PWs)   bands (ev):

     7.3327  11.9867  12.8297  13.0095  13.4811  13.9165  31.3738  36.3322
    36.7640

          k = 0.6250-0.1250 0.8750 (   179 PWs)   bands (ev):

    10.8814  11.3127  12.3347  13.6451  14.4997  19.3178  22.5321  26.1695
    28.4076

          k = 0.6250-1.1250 0.8750 (   169 PWs)   bands (ev):

     7.3327  11.9867  12.8297  13.0095  13.4811  13.9165  31.3738  36.3322
    36.7640

          k = 0.3750 0.1250 0.6250 (   174 PWs)   bands (ev):

    10.3461  11.6698  12.1512  13.2543  14.1239  15.9122  24.3062  29.8477
    32.9687

          k = 0.3750-0.8750 0.6250 (   174 PWs)   bands (ev):

    10.3461  11.6698  12.1512  13.2543  14.1239  15.9122  24.3062  29.8477
    32.9687

          k =-0.1250-0.8750 0.1250 (   176 PWs)   bands (ev):

    10.2090  10.8855  13.6426  14.1080  14.5725  17.0351  25.1826  26.4708
    30.1020

          k =-0.1250-1.8750 0.1250 (   172 PWs)   bands (ev):

     5.8235  12.4329  12.7182  12.7182  13.5995  13.5995  35.2382  38.9850
    41.0906

          k =-0.3750 0.3750 0.3750 (   174 PWs)   bands (ev):

     9.3268  12.5962  12.5962  12.6707  14.2187  14.2187  23.2848  36.8992
    39.3675

          k =-0.3750-0.6250 0.3750 (   172 PWs)   bands (ev):

    10.1756  12.1387  12.7457  12.7840  14.4613  15.8862  20.8972  33.7512
    36.0968

          k = 0.3750-0.3750 1.1250 (   176 PWs)   bands (ev):

    10.9617  11.5110  12.2699  13.2451  14.2068  18.1025  21.5359  27.3691
    34.3956

          k = 0.3750-1.3750 1.1250 (   174 PWs)   bands (ev):

    10.3461  11.6698  12.1512  13.2543  14.1239  15.9122  24.3062  29.8477
    32.9687

          k = 0.3750-0.1250 0.3750 (   171 PWs)   bands (ev):

     8.6199  11.9815  12.5896  12.9249  13.5880  14.4922  27.2758  32.7129
    39.6069

          k = 0.3750-1.1250 0.3750 (   176 PWs)   bands (ev):

    10.9617  11.5110  12.2699  13.2451  14.2068  18.1025  21.5359  27.3691
    34.3956

          k =-0.3750 0.6250-0.3750 (   172 PWs)   bands (ev):

    10.1756  12.1387  12.7457  12.7840  14.4613  15.8862  20.8972  33.7512
    36.0968

          k =-0.3750-0.3750-0.3750 (   174 PWs)   bands (ev):

     9.3268  12.5962  12.5962  12.6707  14.2187  14.2187  23.2848  36.8992
    39.3675

          k =-0.1250 0.3750-0.1250 (   169 PWs)   bands (ev):

     7.3327  11.9867  12.8297  13.0095  13.4811  13.9165  31.3738  36.3322
    36.7640

          k =-0.1250-0.6250-0.1250 (   178 PWs)   bands (ev):

     9.5393  11.3321  12.7025  13.5685  14.3245  14.5075  28.2766  31.5774
    32.3833

          k = 0.6250-0.1250-0.1250 (   178 PWs)   bands (ev):

     9.5393  11.3321  12.7025  13.5685  14.3245  14.5075  28.2766  31.5774
    32.3833

          k = 0.6250-1.1250-0.1250 (   179 PWs)   bands (ev):

    10.8814  11.3127  12.3347  13.6451  14.4997  19.3178  22.5321  26.1695
    28.4076

          k =-0.1250 0.6250-0.8750 (   179 PWs)   bands (ev):

    10.8814  11.3127  12.3347  13.6451  14.4997  19.3178  22.5321  26.1695
    28.4076

          k =-0.1250-0.3750-0.8750 (   179 PWs)   bands (ev):

    10.8814  11.3127  12.3347  13.6451  14.4997  19.3178  22.5321  26.1695
    28.4076

          k =-0.6250 0.8750-0.1250 (   179 PWs)   bands (ev):

    10.8814  11.3127  12.3347  13.6451  14.4997  19.3178  22.5321  26.1695
    28.4076

          k =-0.6250-0.1250-0.1250 (   178 PWs)   bands (ev):

     9.5393  11.3321  12.7025  13.5685  14.3245  14.5075  28.2766  31.5774
    32.3833

          k = 0.1250 0.3750-0.6250 (   174 PWs)   bands (ev):

    10.3461  11.6698  12.1512  13.2543  14.1239  15.9122  24.3062  29.8477
    32.9687

          k = 0.1250-0.6250-0.6250 (   176 PWs)   bands (ev):

    10.9617  11.5110  12.2699  13.2451  14.2068  18.1025  21.5359  27.3691
    34.3956

          k =-0.3750 0.6250 0.1250 (   174 PWs)   bands (ev):

    10.3461  11.6698  12.1512  13.2543  14.1239  15.9122  24.3062  29.8477
    32.9687

          k =-0.3750-0.3750 0.1250 (   171 PWs)   bands (ev):

     8.6199  11.9815  12.5896  12.9249  13.5880  14.4922  27.2758  32.7129
    39.6069

          k =-0.8750-0.1250-0.1250 (   176 PWs)   bands (ev):

    10.2090  10.8855  13.6426  14.1080  14.5725  17.0351  25.1826  26.4708
    30.1020

          k =-0.8750-1.1250-0.1250 (   176 PWs)   bands (ev):

    10.2090  10.8855  13.6426  14.1080  14.5725  17.0351  25.1826  26.4708
    30.1020

          k =-0.3750 1.1250-0.3750 (   176 PWs)   bands (ev):

    10.9617  11.5110  12.2699  13.2451  14.2068  18.1025  21.5359  27.3691
    34.3956

          k =-0.3750 0.1250-0.3750 (   171 PWs)   bands (ev):

     8.6199  11.9815  12.5896  12.9249  13.5880  14.4922  27.2758  32.7129
    39.6069

     the Fermi energy is    14.2652 ev

                                                                                

     bravais-lattice index     =            2
     lattice parameter (a_0)   =       6.6500  a.u.
     unit-cell volume          =      73.5199 (a.u.)^3
     number of atoms/cell      =            1
     number of atomic types    =            1
     kinetic-energy cut-off    =      27.0000  Ry
     charge density cut-off    =     300.0000  Ry
     convergence threshold     =      1.0E-16
     beta                      =       0.7000
     number of iterations used =            4
     Exchange-correlation      =  SLA  PW   PBE  PBE (1434)


     celldm(1)=    6.65000  celldm(2)=    0.00000  celldm(3)=    0.00000
     celldm(4)=    0.00000  celldm(5)=    0.00000  celldm(6)=    0.00000

     crystal axes: (cart. coord. in units of a_0)
               a(1) = ( -0.5000  0.0000  0.5000 )  
               a(2) = (  0.0000  0.5000  0.5000 )  
               a(3) = ( -0.5000  0.5000  0.0000 )  

     reciprocal axes: (cart. coord. in units 2 pi/a_0)
               b(1) = ( -1.0000 -1.0000  1.0000 )  
               b(2) = (  1.0000  1.0000  1.0000 )  
               b(3) = ( -1.0000  1.0000 -1.0000 )  


     Atoms inside the unit cell: 

   Cartesian axes

     site n.  atom      mass           positions (a_0 units)
        1        Ni  58.6934   tau( 1) = (    0.00000    0.00000    0.00000  )

     Computing dynamical matrix for 
                    q = (    0.00000   -1.00000    0.00000 )

     17 Sym.Ops. (with q -> -q+G )


     G cutoff =  336.0507  (   6423 G-vectors)     FFT grid: ( 27, 27, 27)
     G cutoff =  120.9783  (   1411 G-vectors)  smooth grid: ( 15, 15, 15)
     number of k points=   80  gaussian broad. (Ry)=  0.0200     ngauss =   0
                       cart. coord. in units 2pi/a_0
        k(    1) = (  -0.1250000   0.1250000   0.1250000), wk =   0.0312500
        k(    2) = (  -0.1250000  -0.8750000   0.1250000), wk =   0.0000000
        k(    3) = (  -0.3750000   0.3750000  -0.1250000), wk =   0.0625000
        k(    4) = (  -0.3750000  -0.6250000  -0.1250000), wk =   0.0000000
        k(    5) = (   0.3750000  -0.3750000   0.6250000), wk =   0.0625000
        k(    6) = (   0.3750000  -1.3750000   0.6250000), wk =   0.0000000
        k(    7) = (   0.1250000  -0.1250000   0.3750000), wk =   0.0625000
        k(    8) = (   0.1250000  -1.1250000   0.3750000), wk =   0.0000000
        k(    9) = (  -0.1250000   0.6250000   0.1250000), wk =   0.0312500
        k(   10) = (  -0.1250000  -0.3750000   0.1250000), wk =   0.0000000
        k(   11) = (   0.6250000  -0.1250000   0.8750000), wk =   0.0625000
        k(   12) = (   0.6250000  -1.1250000   0.8750000), wk =   0.0000000
        k(   13) = (   0.3750000   0.1250000   0.6250000), wk =   0.0625000
        k(   14) = (   0.3750000  -0.8750000   0.6250000), wk =   0.0000000
        k(   15) = (  -0.1250000  -0.8750000   0.1250000), wk =   0.0312500
        k(   16) = (  -0.1250000  -1.8750000   0.1250000), wk =   0.0000000
        k(   17) = (  -0.3750000   0.3750000   0.3750000), wk =   0.0312500
        k(   18) = (  -0.3750000  -0.6250000   0.3750000), wk =   0.0000000
        k(   19) = (   0.3750000  -0.3750000   1.1250000), wk =   0.0625000
        k(   20) = (   0.3750000  -1.3750000   1.1250000), wk =   0.0000000
        k(   21) = (   0.3750000  -0.1250000   0.3750000), wk =   0.0312500
        k(   22) = (   0.3750000  -1.1250000   0.3750000), wk =   0.0000000
        k(   23) = (  -0.3750000   0.6250000  -0.3750000), wk =   0.0312500
        k(   24) = (  -0.3750000  -0.3750000  -0.3750000), wk =   0.0000000
        k(   25) = (  -0.1250000   0.3750000  -0.1250000), wk =   0.0312500
        k(   26) = (  -0.1250000  -0.6250000  -0.1250000), wk =   0.0000000
        k(   27) = (   0.6250000  -0.1250000  -0.1250000), wk =   0.0625000
        k(   28) = (   0.6250000  -1.1250000  -0.1250000), wk =   0.0000000
        k(   29) = (  -0.1250000   0.6250000  -0.8750000), wk =   0.0625000
        k(   30) = (  -0.1250000  -0.3750000  -0.8750000), wk =   0.0000000
        k(   31) = (  -0.6250000   0.8750000  -0.1250000), wk =   0.0625000
        k(   32) = (  -0.6250000  -0.1250000  -0.1250000), wk =   0.0000000
        k(   33) = (   0.1250000   0.3750000  -0.6250000), wk =   0.0625000
        k(   34) = (   0.1250000  -0.6250000  -0.6250000), wk =   0.0000000
        k(   35) = (  -0.3750000   0.6250000   0.1250000), wk =   0.0625000
        k(   36) = (  -0.3750000  -0.3750000   0.1250000), wk =   0.0000000
        k(   37) = (  -0.8750000  -0.1250000  -0.1250000), wk =   0.0625000
        k(   38) = (  -0.8750000  -1.1250000  -0.1250000), wk =   0.0000000
        k(   39) = (  -0.3750000   1.1250000  -0.3750000), wk =   0.0312500
        k(   40) = (  -0.3750000   0.1250000  -0.3750000), wk =   0.0000000
        k(   41) = (  -0.1250000   0.1250000   0.1250000), wk =   0.0312500
        k(   42) = (  -0.1250000  -0.8750000   0.1250000), wk =   0.0000000
        k(   43) = (  -0.3750000   0.3750000  -0.1250000), wk =   0.0625000
        k(   44) = (  -0.3750000  -0.6250000  -0.1250000), wk =   0.0000000
        k(   45) = (   0.3750000  -0.3750000   0.6250000), wk =   0.0625000
        k(   46) = (   0.3750000  -1.3750000   0.6250000), wk =   0.0000000
        k(   47) = (   0.1250000  -0.1250000   0.3750000), wk =   0.0625000
        k(   48) = (   0.1250000  -1.1250000   0.3750000), wk =   0.0000000
        k(   49) = (  -0.1250000   0.6250000   0.1250000), wk =   0.0312500
        k(   50) = (  -0.1250000  -0.3750000   0.1250000), wk =   0.0000000
        k(   51) = (   0.6250000  -0.1250000   0.8750000), wk =   0.0625000
        k(   52) = (   0.6250000  -1.1250000   0.8750000), wk =   0.0000000
        k(   53) = (   0.3750000   0.1250000   0.6250000), wk =   0.0625000
        k(   54) = (   0.3750000  -0.8750000   0.6250000), wk =   0.0000000
        k(   55) = (  -0.1250000  -0.8750000   0.1250000), wk =   0.0312500
        k(   56) = (  -0.1250000  -1.8750000   0.1250000), wk =   0.0000000
        k(   57) = (  -0.3750000   0.3750000   0.3750000), wk =   0.0312500
        k(   58) = (  -0.3750000  -0.6250000   0.3750000), wk =   0.0000000
        k(   59) = (   0.3750000  -0.3750000   1.1250000), wk =   0.0625000
        k(   60) = (   0.3750000  -1.3750000   1.1250000), wk =   0.0000000
        k(   61) = (   0.3750000  -0.1250000   0.3750000), wk =   0.0312500
        k(   62) = (   0.3750000  -1.1250000   0.3750000), wk =   0.0000000
        k(   63) = (  -0.3750000   0.6250000  -0.3750000), wk =   0.0312500
        k(   64) = (  -0.3750000  -0.3750000  -0.3750000), wk =   0.0000000
        k(   65) = (  -0.1250000   0.3750000  -0.1250000), wk =   0.0312500
        k(   66) = (  -0.1250000  -0.6250000  -0.1250000), wk =   0.0000000
        k(   67) = (   0.6250000  -0.1250000  -0.1250000), wk =   0.0625000
        k(   68) = (   0.6250000  -1.1250000  -0.1250000), wk =   0.0000000
        k(   69) = (  -0.1250000   0.6250000  -0.8750000), wk =   0.0625000
        k(   70) = (  -0.1250000  -0.3750000  -0.8750000), wk =   0.0000000
        k(   71) = (  -0.6250000   0.8750000  -0.1250000), wk =   0.0625000
        k(   72) = (  -0.6250000  -0.1250000  -0.1250000), wk =   0.0000000
        k(   73) = (   0.1250000   0.3750000  -0.6250000), wk =   0.0625000
        k(   74) = (   0.1250000  -0.6250000  -0.6250000), wk =   0.0000000
        k(   75) = (  -0.3750000   0.6250000   0.1250000), wk =   0.0625000
        k(   76) = (  -0.3750000  -0.3750000   0.1250000), wk =   0.0000000
        k(   77) = (  -0.8750000  -0.1250000  -0.1250000), wk =   0.0625000
        k(   78) = (  -0.8750000  -1.1250000  -0.1250000), wk =   0.0000000
        k(   79) = (  -0.3750000   1.1250000  -0.3750000), wk =   0.0312500
        k(   80) = (  -0.3750000   0.1250000  -0.3750000), wk =   0.0000000

     PseudoPot. # 1 for Ni read from file Ni.pbe-nd-rrkjus.UPF
     Pseudo is Ultrasoft + core correction, Zval = 10.0
     Generated by new atomic code, or converted to UPF format
     Using radial grid of 1203 points,  6 beta functions with: 
                l(1) =   0
                l(2) =   0
                l(3) =   1
                l(4) =   1
                l(5) =   2
                l(6) =   2
     Q(r) pseudized with 0 coefficients 



     Atomic displacements:
     There are   2 irreducible representations

     Representation     1      2 modes - To be done

     Representation     2      1 modes - To be done
     PHONON       :    53.93s CPU time,   55.00s wall time


     Alpha used in Ewald sum =   2.8000


     Representation #  1 modes #   1  2

     Self-consistent Calculation

      iter #   1 total cpu time :    56.2 secs   av.it.:   4.5
      thresh= 0.100E-01 alpha_mix =  0.700 |ddv_scf|^2 =  0.142E-04

      iter #   2 total cpu time :    57.8 secs   av.it.:   7.6
      thresh= 0.377E-03 alpha_mix =  0.700 |ddv_scf|^2 =  0.543E-06

      iter #   3 total cpu time :    59.4 secs   av.it.:   7.4
      thresh= 0.737E-04 alpha_mix =  0.700 |ddv_scf|^2 =  0.321E-08

      iter #   4 total cpu time :    60.9 secs   av.it.:   6.8
      thresh= 0.567E-05 alpha_mix =  0.700 |ddv_scf|^2 =  0.578E-11

      iter #   5 total cpu time :    62.4 secs   av.it.:   7.0
      thresh= 0.240E-06 alpha_mix =  0.700 |ddv_scf|^2 =  0.151E-12

      iter #   6 total cpu time :    63.9 secs   av.it.:   7.3
      thresh= 0.388E-07 alpha_mix =  0.700 |ddv_scf|^2 =  0.888E-14

      iter #   7 total cpu time :    65.6 secs   av.it.:   7.8
      thresh= 0.942E-08 alpha_mix =  0.700 |ddv_scf|^2 =  0.169E-15

      iter #   8 total cpu time :    67.2 secs   av.it.:   7.7
      thresh= 0.130E-08 alpha_mix =  0.700 |ddv_scf|^2 =  0.301E-17

     End of self-consistent calculation

     Convergence has been achieved 


     Representation #  2 mode #   3

     Self-consistent Calculation

      iter #   1 total cpu time :    68.0 secs   av.it.:   5.0
      thresh= 0.100E-01 alpha_mix =  0.700 |ddv_scf|^2 =  0.469E-03

      iter #   2 total cpu time :    68.8 secs   av.it.:   6.8
      thresh= 0.217E-02 alpha_mix =  0.700 |ddv_scf|^2 =  0.270E-03

      iter #   3 total cpu time :    69.6 secs   av.it.:   6.2
      thresh= 0.164E-02 alpha_mix =  0.700 |ddv_scf|^2 =  0.348E-07

      iter #   4 total cpu time :    70.4 secs   av.it.:   6.5
      thresh= 0.187E-04 alpha_mix =  0.700 |ddv_scf|^2 =  0.316E-09

      iter #   5 total cpu time :    71.1 secs   av.it.:   5.8
      thresh= 0.178E-05 alpha_mix =  0.700 |ddv_scf|^2 =  0.102E-10

      iter #   6 total cpu time :    71.9 secs   av.it.:   6.2
      thresh= 0.320E-06 alpha_mix =  0.700 |ddv_scf|^2 =  0.524E-13

      iter #   7 total cpu time :    72.7 secs   av.it.:   6.6
      thresh= 0.229E-07 alpha_mix =  0.700 |ddv_scf|^2 =  0.926E-15

      iter #   8 total cpu time :    73.5 secs   av.it.:   6.4
      thresh= 0.304E-08 alpha_mix =  0.700 |ddv_scf|^2 =  0.125E-15

      iter #   9 total cpu time :    74.3 secs   av.it.:   6.7
      thresh= 0.112E-08 alpha_mix =  0.700 |ddv_scf|^2 =  0.144E-16

     End of self-consistent calculation

     Convergence has been achieved 

     Number of q in the star =    3
     List of q in the star:
          1   0.000000000  -1.000000000   0.000000000
          2  -1.000000000   0.000000000   0.000000000
          3   0.000000000   0.000000000  -1.000000000

     Diagonalizing the dynamical matrix

     q = (    0.000000000  -1.000000000   0.000000000 ) 

 **************************************************************************
     omega( 1) =       6.469811 [THz] =     215.811096 [cm-1]
     omega( 2) =       6.469811 [THz] =     215.811096 [cm-1]
     omega( 3) =       8.872281 [THz] =     295.949420 [cm-1]
 **************************************************************************

     Mode symmetry, D_4h(4/mmm) point group:

     omega(  1 -  2) =        215.8  [cm-1]   --> E_u  X_5' M_5'     
     omega(  3 -  3) =        295.9  [cm-1]   --> A_2u X_4' M_4'     

 **************************************************************************

     PWSCF        :    72.40s CPU
     init_run     :     2.99s CPU (       2 calls,   1.495 s avg)
     electrons    :     6.59s CPU (       2 calls,   3.295 s avg)

     Called by init_run:
     wfcinit      :     0.00s CPU (       2 calls,   0.000 s avg)
     potinit      :     0.19s CPU (       2 calls,   0.095 s avg)

     Called by electrons:
     c_bands      :     6.57s CPU (       2 calls,   3.285 s avg)
     v_of_rho     :     0.27s CPU (       3 calls,   0.090 s avg)
     newd         :     0.13s CPU (       3 calls,   0.043 s avg)

     Called by c_bands:
     init_us_2    :     0.37s CPU (    2680 calls,   0.000 s avg)
     cegterg      :     5.97s CPU (     200 calls,   0.030 s avg)

     Called by *egterg:
     h_psi        :     3.85s CPU (    3243 calls,   0.001 s avg)
     s_psi        :     3.04s CPU (   50775 calls,   0.000 s avg)
     g_psi        :     0.09s CPU (    2843 calls,   0.000 s avg)
     cdiaghg      :     1.27s CPU (    3043 calls,   0.000 s avg)

     Called by h_psi:
     add_vuspsi   :     1.47s CPU (   25609 calls,   0.000 s avg)

     General routines
     calbec       :     3.29s CPU (   56995 calls,   0.000 s avg)
     cft3s        :    27.57s CPU (  322467 calls,   0.000 s avg)
     interpolate  :     0.00s CPU (      10 calls,   0.000 s avg)
     davcio       :     0.04s CPU (   13143 calls,   0.000 s avg)

     Parallel routines

     PHONON       :  1m14.38s CPU time,     1m15.77s wall time

     INITIALIZATION: 
     phq_setup    :     1.32s CPU (       3 calls,   0.440 s avg)
     phq_init     :     5.01s CPU (       3 calls,   1.670 s avg)

     phq_init     :     5.01s CPU (       3 calls,   1.670 s avg)
     set_drhoc    :     3.46s CPU (       9 calls,   0.384 s avg)
     init_vloc    :     0.03s CPU (       6 calls,   0.005 s avg)
     init_us_1    :     3.66s CPU (       3 calls,   1.220 s avg)
     newd         :     0.13s CPU (       3 calls,   0.043 s avg)
     dvanqq       :     1.05s CPU (       3 calls,   0.350 s avg)
     drho         :     1.67s CPU (       3 calls,   0.557 s avg)

     DYNAMICAL MATRIX:
     dynmat0      :     2.77s CPU (       3 calls,   0.923 s avg)
     phqscf       :    53.70s CPU (       3 calls,  17.900 s avg)
     dynmatrix    :     0.02s CPU (       3 calls,   0.007 s avg)

     phqscf       :    53.70s CPU (       3 calls,  17.900 s avg)
     solve_linter :    53.44s CPU (       5 calls,  10.688 s avg)
     drhodv       :     0.26s CPU (       5 calls,   0.052 s avg)

     dynmat0      :     2.77s CPU (       3 calls,   0.923 s avg)
     dynmat_us    :     0.19s CPU (       3 calls,   0.063 s avg)
     d2ionq       :     0.01s CPU (       3 calls,   0.003 s avg)
     dynmatcc     :     2.57s CPU (       3 calls,   0.857 s avg)

     dynmat_us    :     0.19s CPU (       3 calls,   0.063 s avg)
     addusdynmat  :     0.00s CPU (       3 calls,   0.000 s avg)

     phqscf       :    53.70s CPU (       3 calls,  17.900 s avg)
     solve_linter :    53.44s CPU (       5 calls,  10.688 s avg)

     solve_linter :    53.44s CPU (       5 calls,  10.688 s avg)
     dvqpsi_us    :     1.00s CPU (     360 calls,   0.003 s avg)
     ortho        :     0.77s CPU (    2800 calls,   0.000 s avg)
     cgsolve      :    28.94s CPU (    2800 calls,   0.010 s avg)
     incdrhoscf   :     2.72s CPU (    2800 calls,   0.001 s avg)
     addusddens   :     4.68s CPU (      45 calls,   0.104 s avg)
     vpsifft      :     2.48s CPU (    2440 calls,   0.001 s avg)
     dv_of_drho   :     3.19s CPU (      69 calls,   0.046 s avg)
     mix_pot      :     0.29s CPU (      40 calls,   0.007 s avg)
     ef_shift     :     0.08s CPU (       8 calls,   0.010 s avg)
     localdos     :     0.07s CPU
     psymdvscf    :     2.73s CPU (      40 calls,   0.068 s avg)
     newdq        :     5.60s CPU (      40 calls,   0.140 s avg)
     adddvscf     :     0.41s CPU (    2440 calls,   0.000 s avg)
     drhodvus     :     0.00s CPU (       5 calls,   0.000 s avg)

     dvqpsi_us    :     1.00s CPU (     360 calls,   0.003 s avg)
     dvqpsi_us_on :     0.36s CPU (     360 calls,   0.001 s avg)

     cgsolve      :    28.94s CPU (    2800 calls,   0.010 s avg)
     ch_psi       :    28.47s CPU (   22366 calls,   0.001 s avg)

     ch_psi       :    28.47s CPU (   22366 calls,   0.001 s avg)
     h_psiq       :    25.07s CPU (   22366 calls,   0.001 s avg)
     last         :     3.20s CPU (   22366 calls,   0.000 s avg)

     h_psiq       :    25.07s CPU (   22366 calls,   0.001 s avg)
     firstfft     :    10.38s CPU (  108076 calls,   0.000 s avg)
     secondfft    :     9.62s CPU (  108076 calls,   0.000 s avg)
     add_vuspsi   :     1.47s CPU (   25609 calls,   0.000 s avg)

     incdrhoscf   :     2.72s CPU (    2800 calls,   0.001 s avg)
     addusdbec    :     0.25s CPU (    3160 calls,   0.000 s avg)

     drhodvus     :     0.00s CPU (       5 calls,   0.000 s avg)

      General routines
     calbec       :     3.29s CPU (   56995 calls,   0.000 s avg)
     cft3s        :    27.57s CPU (  322467 calls,   0.000 s avg)
     cinterpolate :     0.35s CPU (     296 calls,   0.001 s avg)
     davcio       :     0.04s CPU (   13143 calls,   0.000 s avg)
     write_rec    :     0.01s CPU (      40 calls,   0.000 s avg)

