2010-04-06 17:25:33-0700 [-] Log opened.
2010-04-06 17:25:33-0700 [-] twistd 9.0.0 (/usr/bin/python 2.6.2) starting up.
2010-04-06 17:25:33-0700 [-] reactor class: twisted.internet.selectreactor.SelectReactor.
2010-04-06 17:46:03-0700 [-] Received SIGTERM, shutting down.
2010-04-06 17:46:03-0700 [-] Main loop terminated.
2010-04-06 17:46:03-0700 [-] Server Shut Down.
2010-04-06 17:46:38-0700 [-] Log opened.
2010-04-06 17:46:38-0700 [-] twistd 9.0.0 (/usr/bin/python 2.6.2) starting up.
2010-04-06 17:46:38-0700 [-] reactor class: twisted.internet.selectreactor.SelectReactor.
2010-04-06 17:47:55-0700 [-] Received SIGTERM, shutting down.
2010-04-06 17:48:42-0700 [-] Received SIGTERM, shutting down.
2010-04-06 17:48:42-0700 [-] Unhandled Error
	Traceback (most recent call last):
	  File "/usr/local/lib/python2.6/dist-packages/Twisted-9.0.0-py2.6-linux-i686.egg/twisted/application/app.py", line 445, in startReactor
	    self.config, oldstdout, oldstderr, self.profiler, reactor)
	  File "/usr/local/lib/python2.6/dist-packages/Twisted-9.0.0-py2.6-linux-i686.egg/twisted/application/app.py", line 348, in runReactorWithLogging
	    reactor.run()
	  File "/usr/local/lib/python2.6/dist-packages/Twisted-9.0.0-py2.6-linux-i686.egg/twisted/internet/base.py", line 1166, in run
	    self.mainLoop()
	  File "/usr/local/lib/python2.6/dist-packages/Twisted-9.0.0-py2.6-linux-i686.egg/twisted/internet/base.py", line 1175, in mainLoop
	    self.runUntilCurrent()
	--- <exception caught here> ---
	  File "/usr/local/lib/python2.6/dist-packages/Twisted-9.0.0-py2.6-linux-i686.egg/twisted/internet/base.py", line 752, in runUntilCurrent
	    f(*a, **kw)
	  File "/usr/local/lib/python2.6/dist-packages/Twisted-9.0.0-py2.6-linux-i686.egg/twisted/internet/base.py", line 553, in stop
	    "Can't stop reactor that isn't running.")
	twisted.internet.error.ReactorNotRunning: Can't stop reactor that isn't running.
	
2010-04-06 17:48:42-0700 [-] Log opened.
2010-04-06 17:48:42-0700 [-] twistd 9.0.0 (/usr/bin/python 2.6.2) starting up.
2010-04-06 17:48:42-0700 [-] reactor class: twisted.internet.selectreactor.SelectReactor.
2010-04-06 17:50:30-0700 [-] Log opened.
2010-04-06 17:50:30-0700 [-] twistd 9.0.0 (/usr/bin/python 2.6.2) starting up.
2010-04-06 17:50:30-0700 [-] reactor class: twisted.internet.selectreactor.SelectReactor.
2010-04-06 17:53:13-0700 [-] Received SIGTERM, shutting down.
2010-04-06 17:53:13-0700 [-] Main loop terminated.
2010-04-06 17:53:13-0700 [-] Server Shut Down.
2010-04-06 17:53:36-0700 [-] Log opened.
2010-04-06 17:53:36-0700 [-] twistd 9.0.0 (/usr/bin/python 2.6.2) starting up.
2010-04-06 17:53:36-0700 [-] reactor class: twisted.internet.selectreactor.SelectReactor.
2010-04-06 17:55:02-0700 [-] Received SIGTERM, shutting down.
2010-04-06 17:55:51-0700 [-] Received SIGTERM, shutting down.
2010-04-06 17:55:51-0700 [-] Unhandled Error
	Traceback (most recent call last):
	  File "/usr/local/lib/python2.6/dist-packages/Twisted-9.0.0-py2.6-linux-i686.egg/twisted/application/app.py", line 445, in startReactor
	    self.config, oldstdout, oldstderr, self.profiler, reactor)
	  File "/usr/local/lib/python2.6/dist-packages/Twisted-9.0.0-py2.6-linux-i686.egg/twisted/application/app.py", line 348, in runReactorWithLogging
	    reactor.run()
	  File "/usr/local/lib/python2.6/dist-packages/Twisted-9.0.0-py2.6-linux-i686.egg/twisted/internet/base.py", line 1166, in run
	    self.mainLoop()
	  File "/usr/local/lib/python2.6/dist-packages/Twisted-9.0.0-py2.6-linux-i686.egg/twisted/internet/base.py", line 1175, in mainLoop
	    self.runUntilCurrent()
	--- <exception caught here> ---
	  File "/usr/local/lib/python2.6/dist-packages/Twisted-9.0.0-py2.6-linux-i686.egg/twisted/internet/base.py", line 752, in runUntilCurrent
	    f(*a, **kw)
	  File "/usr/local/lib/python2.6/dist-packages/Twisted-9.0.0-py2.6-linux-i686.egg/twisted/internet/base.py", line 553, in stop
	    "Can't stop reactor that isn't running.")
	twisted.internet.error.ReactorNotRunning: Can't stop reactor that isn't running.
	
2010-04-06 17:57:26-0700 [-] Received SIGTERM, shutting down.
2010-04-06 17:57:26-0700 [-] Unhandled Error
	Traceback (most recent call last):
	  File "/usr/local/lib/python2.6/dist-packages/Twisted-9.0.0-py2.6-linux-i686.egg/twisted/application/app.py", line 445, in startReactor
	    self.config, oldstdout, oldstderr, self.profiler, reactor)
	  File "/usr/local/lib/python2.6/dist-packages/Twisted-9.0.0-py2.6-linux-i686.egg/twisted/application/app.py", line 348, in runReactorWithLogging
	    reactor.run()
	  File "/usr/local/lib/python2.6/dist-packages/Twisted-9.0.0-py2.6-linux-i686.egg/twisted/internet/base.py", line 1166, in run
	    self.mainLoop()
	  File "/usr/local/lib/python2.6/dist-packages/Twisted-9.0.0-py2.6-linux-i686.egg/twisted/internet/base.py", line 1175, in mainLoop
	    self.runUntilCurrent()
	--- <exception caught here> ---
	  File "/usr/local/lib/python2.6/dist-packages/Twisted-9.0.0-py2.6-linux-i686.egg/twisted/internet/base.py", line 752, in runUntilCurrent
	    f(*a, **kw)
	  File "/usr/local/lib/python2.6/dist-packages/Twisted-9.0.0-py2.6-linux-i686.egg/twisted/internet/base.py", line 553, in stop
	    "Can't stop reactor that isn't running.")
	twisted.internet.error.ReactorNotRunning: Can't stop reactor that isn't running.
	
