2010-03-01 00:12:02-0800 [-] Log opened.
2010-03-01 00:12:02-0800 [-] twistd 9.0.0 (/usr/bin/python 2.6.2) starting up.
2010-03-01 00:12:02-0800 [-] reactor class: twisted.internet.selectreactor.SelectReactor.
2010-03-01 00:12:02-0800 [-] twisted.internet.protocol.ServerFactory starting on 8020
2010-03-01 00:12:02-0800 [-] Starting factory <twisted.internet.protocol.ServerFactory instance at 0x99b4dec>
2010-03-01 00:12:30-0800 [twisted.internet.protocol.ServerFactory] Got new client!
2010-03-01 00:12:33-0800 [TaskTracker,0,127.0.0.1] received 'Hello'
2010-03-01 00:12:38-0800 [TaskTracker,0,127.0.0.1] received 'By'
2010-03-01 00:13:04-0800 [twisted.internet.protocol.ServerFactory] Got new client!
2010-03-01 00:15:50-0800 [TaskTracker,0,127.0.0.1] received '\xff\xf4\xff\xfd\x06'
2010-03-01 00:15:54-0800 [TaskTracker,1,127.0.0.1] Lost a client!
2010-03-01 00:16:14-0800 [-] Received SIGTERM, shutting down.
2010-03-01 00:16:14-0800 [-] (Port 8020 Closed)
2010-03-01 00:16:14-0800 [-] Stopping factory <twisted.internet.protocol.ServerFactory instance at 0x99b4dec>
2010-03-01 00:16:14-0800 [TaskTracker,0,127.0.0.1] Lost a client!
2010-03-01 00:16:14-0800 [-] Main loop terminated.
2010-03-01 00:16:14-0800 [-] Server Shut Down.
2010-03-01 00:41:34-0800 [-] Log opened.
2010-03-01 00:41:34-0800 [-] twistd 9.0.0 (/usr/bin/python 2.6.2) starting up.
2010-03-01 00:41:34-0800 [-] reactor class: twisted.internet.selectreactor.SelectReactor.
2010-03-01 00:41:34-0800 [-] twisted.internet.protocol.ServerFactory starting on 8021
2010-03-01 00:41:34-0800 [-] Starting factory <twisted.internet.protocol.ServerFactory instance at 0xa3421cc>
2010-03-01 00:41:47-0800 [twisted.internet.protocol.ServerFactory] Got new client!
2010-03-01 00:41:47-0800 [twisted.internet.protocol.ServerFactory] Unhandled Error
	Traceback (most recent call last):
	  File "/usr/local/lib/python2.6/dist-packages/Twisted-9.0.0-py2.6-linux-i686.egg/twisted/python/log.py", line 69, in callWithContext
	    return context.call({ILogContext: newCtx}, func, *args, **kw)
	  File "/usr/local/lib/python2.6/dist-packages/Twisted-9.0.0-py2.6-linux-i686.egg/twisted/python/context.py", line 59, in callWithContext
	    return self.currentContext().callWithContext(ctx, func, *args, **kw)
	  File "/usr/local/lib/python2.6/dist-packages/Twisted-9.0.0-py2.6-linux-i686.egg/twisted/python/context.py", line 37, in callWithContext
	    return func(*args,**kw)
	  File "/usr/local/lib/python2.6/dist-packages/Twisted-9.0.0-py2.6-linux-i686.egg/twisted/internet/selectreactor.py", line 146, in _doReadOrWrite
	    why = getattr(selectable, method)()
	--- <exception caught here> ---
	  File "/usr/local/lib/python2.6/dist-packages/Twisted-9.0.0-py2.6-linux-i686.egg/twisted/internet/tcp.py", line 938, in doRead
	    protocol.makeConnection(transport)
	  File "/usr/local/lib/python2.6/dist-packages/Twisted-9.0.0-py2.6-linux-i686.egg/twisted/internet/protocol.py", line 364, in makeConnection
	    self.connectionMade()
	  File "jobtracker.py", line 26, in connectionMade
	    reactor.connectTCP('localhost', TT_PORT, factory)
	exceptions.NameError: global name 'reactor' is not defined
	
2010-03-01 00:41:49-0800 [JobTracker,0,127.0.0.1] received 'Hi'
2010-03-01 00:41:55-0800 [JobTracker,0,127.0.0.1] received ''
2010-03-01 00:41:57-0800 [JobTracker,0,127.0.0.1] received ''
2010-03-01 00:42:21-0800 [-] Received SIGTERM, shutting down.
2010-03-01 00:42:21-0800 [-] (Port 8021 Closed)
2010-03-01 00:42:21-0800 [-] Stopping factory <twisted.internet.protocol.ServerFactory instance at 0xa3421cc>
2010-03-01 00:42:21-0800 [JobTracker,0,127.0.0.1] Lost a client!
2010-03-01 00:42:21-0800 [-] Main loop terminated.
2010-03-01 00:42:21-0800 [-] Server Shut Down.
2010-03-01 00:43:03-0800 [-] Log opened.
2010-03-01 00:43:03-0800 [-] twistd 9.0.0 (/usr/bin/python 2.6.2) starting up.
2010-03-01 00:43:03-0800 [-] reactor class: twisted.internet.selectreactor.SelectReactor.
2010-03-01 00:43:03-0800 [-] twisted.internet.protocol.ServerFactory starting on 8021
2010-03-01 00:43:03-0800 [-] Starting factory <twisted.internet.protocol.ServerFactory instance at 0x91ec1ac>
2010-03-01 00:43:25-0800 [-] Received SIGTERM, shutting down.
2010-03-01 00:43:25-0800 [-] (Port 8021 Closed)
2010-03-01 00:43:25-0800 [-] Stopping factory <twisted.internet.protocol.ServerFactory instance at 0x91ec1ac>
2010-03-01 00:43:25-0800 [-] Main loop terminated.
2010-03-01 00:43:25-0800 [-] Server Shut Down.
2010-03-01 07:26:04-0800 [-] Log opened.
2010-03-01 07:26:04-0800 [-] twistd 9.0.0 (/usr/bin/python 2.6.2) starting up.
2010-03-01 07:26:04-0800 [-] reactor class: twisted.internet.selectreactor.SelectReactor.
2010-03-01 07:26:04-0800 [-] twisted.internet.protocol.ServerFactory starting on 8021
2010-03-01 07:26:04-0800 [-] Starting factory <twisted.internet.protocol.ServerFactory instance at 0x8fa0f6c>
2010-03-01 07:26:10-0800 [twisted.internet.protocol.ServerFactory] Got new client!
2010-03-01 07:26:10-0800 [twisted.internet.protocol.ServerFactory] Starting factory <__builtin__.JobClientFactory instance at 0x8fa8dcc>
2010-03-01 07:26:10-0800 [twisted.internet.protocol.ServerFactory] Unhandled Error
	Traceback (most recent call last):
	  File "/usr/local/lib/python2.6/dist-packages/Twisted-9.0.0-py2.6-linux-i686.egg/twisted/python/log.py", line 69, in callWithContext
	    return context.call({ILogContext: newCtx}, func, *args, **kw)
	  File "/usr/local/lib/python2.6/dist-packages/Twisted-9.0.0-py2.6-linux-i686.egg/twisted/python/context.py", line 59, in callWithContext
	    return self.currentContext().callWithContext(ctx, func, *args, **kw)
	  File "/usr/local/lib/python2.6/dist-packages/Twisted-9.0.0-py2.6-linux-i686.egg/twisted/python/context.py", line 37, in callWithContext
	    return func(*args,**kw)
	  File "/usr/local/lib/python2.6/dist-packages/Twisted-9.0.0-py2.6-linux-i686.egg/twisted/internet/selectreactor.py", line 146, in _doReadOrWrite
	    why = getattr(selectable, method)()
	--- <exception caught here> ---
	  File "/usr/local/lib/python2.6/dist-packages/Twisted-9.0.0-py2.6-linux-i686.egg/twisted/internet/tcp.py", line 938, in doRead
	    protocol.makeConnection(transport)
	  File "/usr/local/lib/python2.6/dist-packages/Twisted-9.0.0-py2.6-linux-i686.egg/twisted/internet/protocol.py", line 364, in makeConnection
	    self.connectionMade()
	  File "jobtracker.py", line 28, in connectionMade
	    reactor.run()
	  File "/usr/local/lib/python2.6/dist-packages/Twisted-9.0.0-py2.6-linux-i686.egg/twisted/internet/base.py", line 1165, in run
	    self.startRunning(installSignalHandlers=installSignalHandlers)
	  File "/usr/local/lib/python2.6/dist-packages/Twisted-9.0.0-py2.6-linux-i686.egg/twisted/internet/base.py", line 1145, in startRunning
	    ReactorBase.startRunning(self)
	  File "/usr/local/lib/python2.6/dist-packages/Twisted-9.0.0-py2.6-linux-i686.egg/twisted/internet/base.py", line 653, in startRunning
	    raise error.ReactorAlreadyRunning()
	twisted.internet.error.ReactorAlreadyRunning: 
	
2010-03-01 07:26:10-0800 [Uninitialized] connection failed: Connection was refused by other side: 111: Connection refused.
2010-03-01 07:26:10-0800 [Uninitialized] Stopping factory <__builtin__.JobClientFactory instance at 0x8fa8dcc>
2010-03-01 07:26:10-0800 [-] (Port 8021 Closed)
2010-03-01 07:26:10-0800 [-] Stopping factory <twisted.internet.protocol.ServerFactory instance at 0x8fa0f6c>
2010-03-01 07:26:10-0800 [JobTracker,0,127.0.0.1] Lost a client!
2010-03-01 07:26:10-0800 [-] Main loop terminated.
2010-03-01 07:26:10-0800 [-] Server Shut Down.
2010-03-01 07:28:08-0800 [-] Log opened.
2010-03-01 07:28:08-0800 [-] twistd 9.0.0 (/usr/bin/python 2.6.2) starting up.
2010-03-01 07:28:08-0800 [-] reactor class: twisted.internet.selectreactor.SelectReactor.
2010-03-01 07:28:08-0800 [-] twisted.internet.protocol.ServerFactory starting on 8021
2010-03-01 07:28:08-0800 [-] Starting factory <twisted.internet.protocol.ServerFactory instance at 0x9b08f6c>
2010-03-01 07:28:29-0800 [twisted.internet.protocol.ServerFactory] Got new client!
2010-03-01 07:28:29-0800 [twisted.internet.protocol.ServerFactory] Starting factory <__builtin__.JobClientFactory instance at 0x9b10dcc>
2010-03-01 07:28:29-0800 [twisted.internet.protocol.ServerFactory] Unhandled Error
	Traceback (most recent call last):
	  File "/usr/local/lib/python2.6/dist-packages/Twisted-9.0.0-py2.6-linux-i686.egg/twisted/python/log.py", line 69, in callWithContext
	    return context.call({ILogContext: newCtx}, func, *args, **kw)
	  File "/usr/local/lib/python2.6/dist-packages/Twisted-9.0.0-py2.6-linux-i686.egg/twisted/python/context.py", line 59, in callWithContext
	    return self.currentContext().callWithContext(ctx, func, *args, **kw)
	  File "/usr/local/lib/python2.6/dist-packages/Twisted-9.0.0-py2.6-linux-i686.egg/twisted/python/context.py", line 37, in callWithContext
	    return func(*args,**kw)
	  File "/usr/local/lib/python2.6/dist-packages/Twisted-9.0.0-py2.6-linux-i686.egg/twisted/internet/selectreactor.py", line 146, in _doReadOrWrite
	    why = getattr(selectable, method)()
	--- <exception caught here> ---
	  File "/usr/local/lib/python2.6/dist-packages/Twisted-9.0.0-py2.6-linux-i686.egg/twisted/internet/tcp.py", line 938, in doRead
	    protocol.makeConnection(transport)
	  File "/usr/local/lib/python2.6/dist-packages/Twisted-9.0.0-py2.6-linux-i686.egg/twisted/internet/protocol.py", line 364, in makeConnection
	    self.connectionMade()
	  File "jobtracker.py", line 28, in connectionMade
	    reactor.run()
	  File "/usr/local/lib/python2.6/dist-packages/Twisted-9.0.0-py2.6-linux-i686.egg/twisted/internet/base.py", line 1165, in run
	    self.startRunning(installSignalHandlers=installSignalHandlers)
	  File "/usr/local/lib/python2.6/dist-packages/Twisted-9.0.0-py2.6-linux-i686.egg/twisted/internet/base.py", line 1145, in startRunning
	    ReactorBase.startRunning(self)
	  File "/usr/local/lib/python2.6/dist-packages/Twisted-9.0.0-py2.6-linux-i686.egg/twisted/internet/base.py", line 653, in startRunning
	    raise error.ReactorAlreadyRunning()
	twisted.internet.error.ReactorAlreadyRunning: 
	
2010-03-01 07:28:29-0800 [Uninitialized] connection failed: Connection was refused by other side: 111: Connection refused.
2010-03-01 07:28:29-0800 [Uninitialized] Stopping factory <__builtin__.JobClientFactory instance at 0x9b10dcc>
2010-03-01 07:28:29-0800 [-] (Port 8021 Closed)
2010-03-01 07:28:29-0800 [-] Stopping factory <twisted.internet.protocol.ServerFactory instance at 0x9b08f6c>
2010-03-01 07:28:29-0800 [JobTracker,0,127.0.0.1] Lost a client!
2010-03-01 07:28:29-0800 [-] Main loop terminated.
2010-03-01 07:28:29-0800 [-] Server Shut Down.
2010-03-01 07:32:02-0800 [-] Log opened.
2010-03-01 07:32:02-0800 [-] twistd 9.0.0 (/usr/bin/python 2.6.2) starting up.
2010-03-01 07:32:02-0800 [-] reactor class: twisted.internet.selectreactor.SelectReactor.
2010-03-01 07:32:02-0800 [-] twisted.internet.protocol.ServerFactory starting on 8021
2010-03-01 07:32:02-0800 [-] Starting factory <twisted.internet.protocol.ServerFactory instance at 0x851af6c>
2010-03-01 07:32:11-0800 [twisted.internet.protocol.ServerFactory] Got new client!
2010-03-01 07:32:11-0800 [twisted.internet.protocol.ServerFactory] Starting factory <__builtin__.JobClientFactory instance at 0x8522dcc>
2010-03-01 07:32:11-0800 [Uninitialized] connection failed: Connection was refused by other side: 111: Connection refused.
2010-03-01 07:32:11-0800 [Uninitialized] Stopping factory <__builtin__.JobClientFactory instance at 0x8522dcc>
2010-03-01 07:32:11-0800 [-] (Port 8021 Closed)
2010-03-01 07:32:11-0800 [-] Stopping factory <twisted.internet.protocol.ServerFactory instance at 0x851af6c>
2010-03-01 07:32:11-0800 [JobTracker,0,127.0.0.1] Lost a client!
2010-03-01 07:32:11-0800 [-] Main loop terminated.
2010-03-01 07:32:11-0800 [-] Server Shut Down.
2010-03-01 07:35:49-0800 [-] Log opened.
2010-03-01 07:35:49-0800 [-] twistd 9.0.0 (/usr/bin/python 2.6.2) starting up.
2010-03-01 07:35:49-0800 [-] reactor class: twisted.internet.selectreactor.SelectReactor.
2010-03-01 07:35:49-0800 [-] twisted.internet.protocol.ServerFactory starting on 8021
2010-03-01 07:35:49-0800 [-] Starting factory <twisted.internet.protocol.ServerFactory instance at 0x8c0880c>
2010-03-01 07:35:55-0800 [twisted.internet.protocol.ServerFactory] Got new client!
2010-03-01 07:35:55-0800 [twisted.internet.protocol.ServerFactory] Starting factory <jobtracker.JobClientFactory instance at 0x8c8eeec>
2010-03-01 07:35:55-0800 [Uninitialized] connection failed: Connection was refused by other side: 111: Connection refused.
2010-03-01 07:35:55-0800 [Uninitialized] Stopping factory <jobtracker.JobClientFactory instance at 0x8c8eeec>
2010-03-01 07:35:55-0800 [-] (Port 8021 Closed)
2010-03-01 07:35:55-0800 [-] Stopping factory <twisted.internet.protocol.ServerFactory instance at 0x8c0880c>
2010-03-01 07:35:55-0800 [JobTracker,0,127.0.0.1] Lost a client!
2010-03-01 07:35:55-0800 [-] Main loop terminated.
2010-03-01 07:35:55-0800 [-] Server Shut Down.
2010-03-01 07:42:20-0800 [-] Log opened.
2010-03-01 07:42:20-0800 [-] twistd 9.0.0 (/usr/bin/python 2.6.2) starting up.
2010-03-01 07:42:20-0800 [-] reactor class: twisted.internet.selectreactor.SelectReactor.
2010-03-01 07:42:20-0800 [-] twisted.internet.protocol.ServerFactory starting on 8021
2010-03-01 07:42:20-0800 [-] Starting factory <twisted.internet.protocol.ServerFactory instance at 0x97622ac>
2010-03-01 07:42:23-0800 [twisted.internet.protocol.ServerFactory] Got new client!
2010-03-01 07:42:23-0800 [twisted.internet.protocol.ServerFactory] Starting factory <jobtracker.JobClientFactory instance at 0x9800f2c>
2010-03-01 07:42:23-0800 [Uninitialized] connection failed: Connection was refused by other side: 111: Connection refused.
2010-03-01 07:42:23-0800 [Uninitialized] Stopping factory <jobtracker.JobClientFactory instance at 0x9800f2c>
2010-03-01 07:42:23-0800 [-] (Port 8021 Closed)
2010-03-01 07:42:23-0800 [-] Stopping factory <twisted.internet.protocol.ServerFactory instance at 0x97622ac>
2010-03-01 07:42:23-0800 [JobTracker,0,127.0.0.1] Lost a client!
2010-03-01 07:42:23-0800 [-] Main loop terminated.
2010-03-01 07:42:23-0800 [-] Server Shut Down.
2010-03-01 07:42:27-0800 [-] Log opened.
2010-03-01 07:42:27-0800 [-] twistd 9.0.0 (/usr/bin/python 2.6.2) starting up.
2010-03-01 07:42:27-0800 [-] reactor class: twisted.internet.selectreactor.SelectReactor.
2010-03-01 07:42:27-0800 [-] twisted.internet.protocol.ServerFactory starting on 8021
2010-03-01 07:42:27-0800 [-] Starting factory <twisted.internet.protocol.ServerFactory instance at 0x8da42ac>
2010-03-01 07:43:38-0800 [twisted.internet.protocol.ServerFactory] Got new client!
2010-03-01 07:43:38-0800 [twisted.internet.protocol.ServerFactory] Starting factory <jobtracker.JobClientFactory instance at 0x8e42f2c>
2010-03-01 07:43:38-0800 [Uninitialized] connection failed: Connection was refused by other side: 111: Connection refused.
2010-03-01 07:43:38-0800 [Uninitialized] Stopping factory <jobtracker.JobClientFactory instance at 0x8e42f2c>
2010-03-01 07:43:38-0800 [-] (Port 8021 Closed)
2010-03-01 07:43:38-0800 [-] Stopping factory <twisted.internet.protocol.ServerFactory instance at 0x8da42ac>
2010-03-01 07:43:38-0800 [JobTracker,0,127.0.0.1] Lost a client!
2010-03-01 07:43:39-0800 [-] Main loop terminated.
2010-03-01 07:43:39-0800 [-] Server Shut Down.
