 -0.2694E-05  0.0000E+00
  0.1000E+01  0.1404E-06
  0.2000E+01  0.5614E-06
  0.3000E+01  0.1263E-05
  0.4000E+01  0.2246E-05
  0.5000E+01  0.3509E-05
  0.6000E+01  0.5053E-05
  0.7000E+01  0.6878E-05
  0.8000E+01  0.8983E-05
  0.9000E+01  0.1137E-04
  0.1000E+02  0.1404E-04
  0.1100E+02  0.1698E-04
  0.1200E+02  0.2021E-04
  0.1300E+02  0.2372E-04
  0.1400E+02  0.2751E-04
  0.1500E+02  0.3158E-04
  0.1600E+02  0.3593E-04
  0.1700E+02  0.4056E-04
  0.1800E+02  0.4548E-04
  0.1900E+02  0.7202E-04
  0.2000E+02  0.1100E-03
  0.2100E+02  0.1391E-03
  0.2200E+02  0.1595E-03
  0.2300E+02  0.1709E-03
  0.2400E+02  0.1736E-03
  0.2500E+02  0.1843E-03
  0.2600E+02  0.2003E-03
  0.2700E+02  0.2167E-03
  0.2800E+02  0.2336E-03
  0.2900E+02  0.2511E-03
  0.3000E+02  0.2694E-03
  0.3100E+02  0.2882E-03
  0.3200E+02  0.3078E-03
  0.3300E+02  0.3280E-03
  0.3400E+02  0.3489E-03
  0.3500E+02  0.3816E-03
  0.3600E+02  0.4240E-03
  0.3700E+02  0.4642E-03
  0.3800E+02  0.4909E-03
  0.3900E+02  0.4956E-03
  0.4000E+02  0.5248E-03
  0.4100E+02  0.5550E-03
  0.4200E+02  0.5862E-03
  0.4300E+02  0.6211E-03
  0.4400E+02  0.6758E-03
  0.4500E+02  0.7107E-03
  0.4600E+02  0.7260E-03
  0.4700E+02  0.7320E-03
  0.4800E+02  0.7605E-03
  0.4900E+02  0.7920E-03
  0.5000E+02  0.8250E-03
  0.5100E+02  0.8593E-03
  0.5200E+02  0.9044E-03
  0.5300E+02  0.9691E-03
  0.5400E+02  0.1031E-02
  0.5500E+02  0.1077E-02
  0.5600E+02  0.1097E-02
  0.5700E+02  0.1141E-02
  0.5800E+02  0.1184E-02
  0.5900E+02  0.1225E-02
  0.6000E+02  0.1251E-02
  0.6100E+02  0.1283E-02
  0.6200E+02  0.1324E-02
  0.6300E+02  0.1366E-02
  0.6400E+02  0.1410E-02
  0.6500E+02  0.1456E-02
  0.6600E+02  0.1502E-02
  0.6700E+02  0.1550E-02
  0.6800E+02  0.1600E-02
  0.6900E+02  0.1668E-02
  0.7000E+02  0.1753E-02
  0.7100E+02  0.1830E-02
  0.7200E+02  0.1880E-02
  0.7300E+02  0.1919E-02
  0.7400E+02  0.1978E-02
  0.7500E+02  0.2037E-02
  0.7600E+02  0.2062E-02
  0.7700E+02  0.2117E-02
  0.7800E+02  0.2173E-02
  0.7900E+02  0.2231E-02
  0.8000E+02  0.2290E-02
  0.8100E+02  0.2348E-02
  0.8200E+02  0.2407E-02
  0.8300E+02  0.2465E-02
  0.8400E+02  0.2527E-02
  0.8500E+02  0.2591E-02
  0.8600E+02  0.2693E-02
  0.8700E+02  0.2791E-02
  0.8800E+02  0.2875E-02
  0.8900E+02  0.2917E-02
  0.9000E+02  0.2995E-02
  0.9100E+02  0.3034E-02
  0.9200E+02  0.3106E-02
  0.9300E+02  0.3179E-02
  0.9400E+02  0.3252E-02
  0.9500E+02  0.3324E-02
  0.9600E+02  0.3396E-02
  0.9700E+02  0.3469E-02
  0.9800E+02  0.3541E-02
  0.9900E+02  0.3620E-02
  0.1000E+03  0.3703E-02
  0.1010E+03  0.3798E-02
  0.1020E+03  0.3926E-02
  0.1030E+03  0.4045E-02
  0.1040E+03  0.4107E-02
  0.1050E+03  0.4201E-02
  0.1060E+03  0.4266E-02
  0.1070E+03  0.4358E-02
  0.1080E+03  0.4445E-02
  0.1090E+03  0.4536E-02
  0.1100E+03  0.4627E-02
  0.1110E+03  0.4718E-02
  0.1120E+03  0.4809E-02
  0.1130E+03  0.4907E-02
  0.1140E+03  0.5009E-02
  0.1150E+03  0.5115E-02
  0.1160E+03  0.5255E-02
  0.1170E+03  0.5412E-02
  0.1180E+03  0.5536E-02
  0.1190E+03  0.5620E-02
  0.1200E+03  0.5707E-02
  0.1210E+03  0.5817E-02
  0.1220E+03  0.5932E-02
  0.1230E+03  0.6051E-02
  0.1240E+03  0.6174E-02
  0.1250E+03  0.6301E-02
  0.1260E+03  0.6427E-02
  0.1270E+03  0.6562E-02
  0.1280E+03  0.6703E-02
  0.1290E+03  0.6871E-02
  0.1300E+03  0.7085E-02
  0.1310E+03  0.7235E-02
  0.1320E+03  0.7367E-02
  0.1330E+03  0.7493E-02
  0.1340E+03  0.7645E-02
  0.1350E+03  0.7801E-02
  0.1360E+03  0.7960E-02
  0.1370E+03  0.8128E-02
  0.1380E+03  0.8302E-02
  0.1390E+03  0.8491E-02
  0.1400E+03  0.8693E-02
  0.1410E+03  0.9012E-02
  0.1420E+03  0.9215E-02
  0.1430E+03  0.9448E-02
  0.1440E+03  0.9633E-02
  0.1450E+03  0.9864E-02
  0.1460E+03  0.1010E-01
  0.1470E+03  0.1035E-01
  0.1480E+03  0.1061E-01
  0.1490E+03  0.1091E-01
  0.1500E+03  0.1144E-01
  0.1510E+03  0.1173E-01
  0.1520E+03  0.1207E-01
  0.1530E+03  0.1248E-01
  0.1540E+03  0.1291E-01
  0.1550E+03  0.1359E-01
  0.1560E+03  0.1464E-01
  0.1570E+03  0.1562E-01
  0.1580E+03  0.1579E-01
  0.1590E+03  0.1593E-01
  0.1600E+03  0.1608E-01
  0.1610E+03  0.1607E-01
  0.1620E+03  0.1624E-01
  0.1630E+03  0.1643E-01
  0.1640E+03  0.1660E-01
  0.1650E+03  0.1661E-01
  0.1660E+03  0.1662E-01
  0.1670E+03  0.1668E-01
  0.1680E+03  0.1680E-01
  0.1690E+03  0.1697E-01
  0.1700E+03  0.1709E-01
  0.1710E+03  0.1715E-01
  0.1720E+03  0.1724E-01
  0.1730E+03  0.1736E-01
  0.1740E+03  0.1750E-01
  0.1750E+03  0.1762E-01
  0.1760E+03  0.1771E-01
  0.1770E+03  0.1781E-01
  0.1780E+03  0.1791E-01
  0.1790E+03  0.1799E-01
  0.1800E+03  0.1812E-01
  0.1810E+03  0.1824E-01
  0.1820E+03  0.1838E-01
  0.1830E+03  0.1853E-01
  0.1840E+03  0.1864E-01
  0.1850E+03  0.1873E-01
  0.1860E+03  0.1886E-01
  0.1870E+03  0.1896E-01
  0.1880E+03  0.1908E-01
  0.1890E+03  0.1921E-01
  0.1900E+03  0.1934E-01
  0.1910E+03  0.1949E-01
  0.1920E+03  0.1961E-01
  0.1930E+03  0.1974E-01
  0.1940E+03  0.1985E-01
  0.1950E+03  0.2002E-01
  0.1960E+03  0.2013E-01
  0.1970E+03  0.2025E-01
  0.1980E+03  0.2037E-01
  0.1990E+03  0.2051E-01
  0.2000E+03  0.2068E-01
  0.2010E+03  0.2080E-01
  0.2020E+03  0.2091E-01
  0.2030E+03  0.2111E-01
  0.2040E+03  0.2120E-01
  0.2050E+03  0.2133E-01
  0.2060E+03  0.2150E-01
  0.2070E+03  0.2172E-01
  0.2080E+03  0.2181E-01
  0.2090E+03  0.2190E-01
  0.2100E+03  0.2207E-01
  0.2110E+03  0.2228E-01
  0.2120E+03  0.2252E-01
  0.2130E+03  0.2271E-01
  0.2140E+03  0.2274E-01
  0.2150E+03  0.2293E-01
  0.2160E+03  0.2342E-01
  0.2170E+03  0.2343E-01
  0.2180E+03  0.2196E-01
  0.2190E+03  0.2060E-01
  0.2200E+03  0.1896E-01
  0.2210E+03  0.1251E-01
  0.2220E+03  0.1345E-01
  0.2230E+03  0.1312E-01
  0.2240E+03  0.1315E-01
  0.2250E+03  0.1328E-01
  0.2260E+03  0.1332E-01
  0.2270E+03  0.1333E-01
  0.2280E+03  0.1333E-01
  0.2290E+03  0.1335E-01
  0.2300E+03  0.1335E-01
  0.2310E+03  0.1335E-01
  0.2320E+03  0.1335E-01
  0.2330E+03  0.1335E-01
  0.2340E+03  0.1335E-01
  0.2350E+03  0.1331E-01
  0.2360E+03  0.1328E-01
  0.2370E+03  0.1327E-01
  0.2380E+03  0.1323E-01
  0.2390E+03  0.1324E-01
  0.2400E+03  0.1318E-01
  0.2410E+03  0.1306E-01
  0.2420E+03  0.1292E-01
  0.2430E+03  0.1286E-01
  0.2440E+03  0.1275E-01
  0.2450E+03  0.1257E-01
  0.2460E+03  0.1240E-01
  0.2470E+03  0.1218E-01
  0.2480E+03  0.1241E-01
  0.2490E+03  0.1206E-01
  0.2500E+03  0.1182E-01
  0.2510E+03  0.1146E-01
  0.2520E+03  0.1112E-01
  0.2530E+03  0.1091E-01
  0.2540E+03  0.1044E-01
  0.2550E+03  0.8289E-02
  0.2560E+03  0.6634E-02
  0.2570E+03  0.6018E-02
  0.2580E+03  0.5842E-02
  0.2590E+03  0.5965E-02
  0.2600E+03  0.6319E-02
  0.2610E+03  0.7165E-02
  0.2620E+03  0.8322E-02
  0.2630E+03  0.9396E-02
  0.2640E+03  0.1087E-01
  0.2650E+03  0.1211E-01
  0.2660E+03  0.1339E-01
  0.2670E+03  0.1496E-01
  0.2680E+03  0.1736E-01
  0.2690E+03  0.1952E-01
  0.2700E+03  0.2143E-01
  0.2710E+03  0.2411E-01
  0.2720E+03  0.2840E-01
  0.2730E+03  0.3289E-01
  0.2740E+03  0.3303E-01
  0.2750E+03  0.3227E-01
  0.2760E+03  0.3166E-01
  0.2770E+03  0.3182E-01
  0.2780E+03  0.3255E-01
  0.2790E+03  0.3230E-01
  0.2800E+03  0.3219E-01
  0.2810E+03  0.3290E-01
  0.2820E+03  0.2889E-01
  0.2830E+03  0.2523E-01
  0.2840E+03  0.2264E-01
  0.2850E+03  0.2073E-01
  0.2860E+03  0.1927E-01
  0.2870E+03  0.1803E-01
  0.2880E+03  0.1689E-01
  0.2890E+03  0.1589E-01
  0.2900E+03  0.1480E-01
  0.2910E+03  0.1374E-01
  0.2920E+03  0.1291E-01
  0.2930E+03  0.1197E-01
  0.2940E+03  0.1116E-01
  0.2950E+03  0.9860E-02
  0.2960E+03  0.8937E-02
  0.2970E+03  0.7602E-02
  0.2980E+03  0.6293E-02
  0.2990E+03  0.5650E-02
  0.3000E+03  0.4986E-02
  0.3010E+03  0.3605E-02
  0.3020E+03  0.2296E-02
  0.3030E+03  0.2965E-04
  0.3040E+03  0.0000E+00
